[custom_lint] 2026-01-07T10:58:24.310280 /d:/src/saropa_lints/lib/src/rules/flutter_widget_rules.dart:11858:7: Error: '_WidgetDepthVisitor' is already declared in this scope.
[custom_lint] 2026-01-07T10:58:24.310280 class _WidgetDepthVisitor extends RecursiveAstVisitor<void> {
[custom_lint] 2026-01-07T10:58:24.310280       ^^^^^^^^^^^^^^^^^^^
[custom_lint] 2026-01-07T10:58:24.310280 /d:/src/saropa_lints/lib/src/rules/flutter_widget_rules.dart:3619:7: Context: Previous declaration of '_WidgetDepthVisitor'.
[custom_lint] 2026-01-07T10:58:24.310280 class _WidgetDepthVisitor extends RecursiveAstVisitor<void> {
[custom_lint] 2026-01-07T10:58:24.310280       ^^^^^^^^^^^^^^^^^^^
[custom_lint] 2026-01-07T10:58:24.310280 /d:/src/saropa_lints/lib/src/rules/flutter_widget_rules.dart:12187:7: Error: 'RequireScrollControllerDisposeRule' is already declared in this scope.
[custom_lint] 2026-01-07T10:58:24.310280 class RequireScrollControllerDisposeRule extends SaropaLintRule {
[custom_lint] 2026-01-07T10:58:24.310280       ^^^^^^^^^^^^^^^^^^^^^^^^^^^^^^^^^^
[custom_lint] 2026-01-07T10:58:24.310280 /d:/src/saropa_lints/lib/src/rules/flutter_widget_rules.dart:8641:7: Context: Previous declaration of 'RequireScrollControllerDisposeRule'.
[custom_lint] 2026-01-07T10:58:24.310280 class RequireScrollControllerDisposeRule extends SaropaLintRule {
[custom_lint] 2026-01-07T10:58:24.310280       ^^^^^^^^^^^^^^^^^^^^^^^^^^^^^^^^^^
[custom_lint] 2026-01-07T10:58:24.310280 /d:/src/saropa_lints/lib/src/rules/flutter_widget_rules.dart:12293:7: Error: 'RequireFocusNodeDisposeRule' is already declared in this scope.
[custom_lint] 2026-01-07T10:58:24.310280 class RequireFocusNodeDisposeRule extends SaropaLintRule {
[custom_lint] 2026-01-07T10:58:24.310280       ^^^^^^^^^^^^^^^^^^^^^^^^^^^
[custom_lint] 2026-01-07T10:58:24.310280 /d:/src/saropa_lints/lib/src/rules/flutter_widget_rules.dart:8801:7: Context: Previous declaration of 'RequireFocusNodeDisposeRule'.
[custom_lint] 2026-01-07T10:58:24.310280 class RequireFocusNodeDisposeRule extends SaropaLintRule {
[custom_lint] 2026-01-07T10:58:24.310280       ^^^^^^^^^^^^^^^^^^^^^^^^^^^
[custom_lint] 2026-01-07T10:58:24.310280 /d:/src/saropa_lints/lib/src/rules/flutter_widget_rules.dart:11986:7: Error: 'AvoidNestedScrollablesRule' is already declared in this scope.
[custom_lint] 2026-01-07T10:58:24.310280 class AvoidNestedScrollablesRule extends SaropaLintRule {
[custom_lint] 2026-01-07T10:58:24.310280       ^^^^^^^^^^^^^^^^^^^^^^^^^^
[custom_lint] 2026-01-07T10:58:24.310280 /d:/src/saropa_lints/lib/src/rules/flutter_widget_rules.dart:9017:7: Context: Previous declaration of 'AvoidNestedScrollablesRule'.
[custom_lint] 2026-01-07T10:58:24.310280 class AvoidNestedScrollablesRule extends SaropaLintRule {
[custom_lint] 2026-01-07T10:58:24.310280       ^^^^^^^^^^^^^^^^^^^^^^^^^^
[custom_lint] 2026-01-07T10:58:24.310280
[custom_lint] 2026-01-07T10:58:24.310280
Failed to start pluginsThe request analysis.setContextRoots failed with the following error:
RequestErrorCode.PLUGIN_ERROR
Bad state: Failed to start the plugins.
at:
#0      SocketCustomLintServerToClientChannel._checkInitializationFail.<anonymous closure> (package:custom_lint/src/v2/server_to_client_channel.dart:223:11)
<asynchronous suspension>
#1      Future.any.onValue (dart:async/future.dart:637:5)
<asynchronous suspension>

[custom_lint] 2026-01-07T10:58:24.368648 _PrettyRequestFailure: {"code":"PLUGIN_ERROR","message":"Bad state: Failed to start the plugins.","stackTrace":"#0      SocketCustomLintServerToClientChannel._checkInitializationFail.<anonymous closure> (package:custom_lint/src/v2/server_to_client_channel.dart:223:11)\n<asynchronous suspension>\n#1      Future.any.onValue (dart:async/future.dart:637:5)\n<asynchronous suspension>\n"}
[custom_lint] 2026-01-07T10:58:24.368648 #0      ChannelBase.sendRequest (package:custom_lint/src/server_isolate_channel.dart:82:7)
[custom_lint] 2026-01-07T10:58:24.368648 <asynchronous suspension>
[custom_lint] 2026-01-07T10:58:24.368648 #1      CustomLintRunner.initialize.<anonymous closure> (package:custom_lint/src/runner.dart:41:5)
[custom_lint] 2026-01-07T10:58:24.368648 <asynchronous suspension>
[custom_lint] 2026-01-07T10:58:24.368648 #2      _runServer.<anonymous closure> (package:custom_lint/custom_lint.dart:96:7)
[custom_lint] 2026-01-07T10:58:24.368648 <asynchronous suspension>
[custom_lint] 2026-01-07T10:58:24.368648 #3      _AsyncCompleter.complete (dart:async/future_impl.dart:96:3)
[custom_lint] 2026-01-07T10:58:24.368648 <asynchronous suspension>
[custom_lint] 2026-01-07T10:58:24.368648 #4      _runServer.<anonymous closure> (package:custom_lint/custom_lint.dart:126:19)
[custom_lint] 2026-01-07T10:58:24.368648 <asynchronous suspension>
[custom_lint] 2026-01-07T10:58:24.368648 #5      _runServer (package:custom_lint/custom_lint.dart:86:3)
[custom_lint] 2026-01-07T10:58:24.368648 <asynchronous suspension>
[custom_lint] 2026-01-07T10:58:24.368648 #6      customLint (package:custom_lint/custom_lint.dart:50:5)
[custom_lint] 2026-01-07T10:58:24.368648 <asynchronous suspension>
[custom_lint] 2026-01-07T10:58:24.368648 #7      entrypoint (file:///D:/tools/Pub/Cache/hosted/pub.dev/custom_lint-0.8.1/bin/custom_lint.dart:68:3)
[custom_lint] 2026-01-07T10:58:24.368648 <asynchronous suspension>
[custom_lint] 2026-01-07T10:58:24.368648 #8      main (file:///D:/tools/Pub/Cache/hosted/pub.dev/custom_lint-0.8.1/bin/custom_lint.dart:80:5)
[custom_lint] 2026-01-07T10:58:24.368648 <asynchronous suspension>
[custom_lint] 2026-01-07T10:58:24.368648
[custom_lint] 2026-01-07T10:58:41.548058 /d:/src/saropa_lints/lib/src/rules/flutter_widget_rules.dart:12096:7: Error: 'RequireScrollControllerDisposeRule' is already declared in this scope.
[custom_lint] 2026-01-07T10:58:41.548058 class RequireScrollControllerDisposeRule extends SaropaLintRule {
[custom_lint] 2026-01-07T10:58:41.548058       ^^^^^^^^^^^^^^^^^^^^^^^^^^^^^^^^^^
[custom_lint] 2026-01-07T10:58:41.548058 /d:/src/saropa_lints/lib/src/rules/flutter_widget_rules.dart:8641:7: Context: Previous declaration of 'RequireScrollControllerDisposeRule'.
[custom_lint] 2026-01-07T10:58:41.548058 class RequireScrollControllerDisposeRule extends SaropaLintRule {
[custom_lint] 2026-01-07T10:58:41.548058       ^^^^^^^^^^^^^^^^^^^^^^^^^^^^^^^^^^
[custom_lint] 2026-01-07T10:58:41.548058 /d:/src/saropa_lints/lib/src/rules/flutter_widget_rules.dart:12202:7: Error: 'RequireFocusNodeDisposeRule' is already declared in this scope.
[custom_lint] 2026-01-07T10:58:41.548058 class RequireFocusNodeDisposeRule extends SaropaLintRule {
[custom_lint] 2026-01-07T10:58:41.548058       ^^^^^^^^^^^^^^^^^^^^^^^^^^^
[custom_lint] 2026-01-07T10:58:41.548058 /d:/src/saropa_lints/lib/src/rules/flutter_widget_rules.dart:8801:7: Context: Previous declaration of 'RequireFocusNodeDisposeRule'.
[custom_lint] 2026-01-07T10:58:41.548058 class RequireFocusNodeDisposeRule extends SaropaLintRule {
[custom_lint] 2026-01-07T10:58:41.548058       ^^^^^^^^^^^^^^^^^^^^^^^^^^^
[custom_lint] 2026-01-07T10:58:41.548058 /d:/src/saropa_lints/lib/src/rules/flutter_widget_rules.dart:11895:7: Error: 'AvoidNestedScrollablesRule' is already declared in this scope.
[custom_lint] 2026-01-07T10:58:41.548058 class AvoidNestedScrollablesRule extends SaropaLintRule {
[custom_lint] 2026-01-07T10:58:41.548058       ^^^^^^^^^^^^^^^^^^^^^^^^^^
[custom_lint] 2026-01-07T10:58:41.548058 /d:/src/saropa_lints/lib/src/rules/flutter_widget_rules.dart:9017:7: Context: Previous declaration of 'AvoidNestedScrollablesRule'.
[custom_lint] 2026-01-07T10:58:41.548058 class AvoidNestedScrollablesRule extends SaropaLintRule {
[custom_lint] 2026-01-07T10:58:41.548058       ^^^^^^^^^^^^^^^^^^^^^^^^^^
[custom_lint] 2026-01-07T10:58:41.548058
[custom_lint] 2026-01-07T10:58:41.548058
Failed to start pluginsThe request analysis.setContextRoots failed with the following error:
RequestErrorCode.PLUGIN_ERROR
Bad state: Failed to start the plugins.
at:
#0      SocketCustomLintServerToClientChannel._checkInitializationFail.<anonymous closure> (package:custom_lint/src/v2/server_to_client_channel.dart:223:11)
<asynchronous suspension>
#1      Future.any.onValue (dart:async/future.dart:637:5)
<asynchronous suspension>

[custom_lint] 2026-01-07T10:58:41.600956 _PrettyRequestFailure: {"code":"PLUGIN_ERROR","message":"Bad state: Failed to start the plugins.","stackTrace":"#0      SocketCustomLintServerToClientChannel._checkInitializationFail.<anonymous closure> (package:custom_lint/src/v2/server_to_client_channel.dart:223:11)\n<asynchronous suspension>\n#1      Future.any.onValue (dart:async/future.dart:637:5)\n<asynchronous suspension>\n"}
[custom_lint] 2026-01-07T10:58:41.600956 #0      ChannelBase.sendRequest (package:custom_lint/src/server_isolate_channel.dart:82:7)
[custom_lint] 2026-01-07T10:58:41.600956 <asynchronous suspension>
[custom_lint] 2026-01-07T10:58:41.600956 #1      CustomLintRunner.initialize.<anonymous closure> (package:custom_lint/src/runner.dart:41:5)
[custom_lint] 2026-01-07T10:58:41.600956 <asynchronous suspension>
[custom_lint] 2026-01-07T10:58:41.600956 #2      _runServer.<anonymous closure> (package:custom_lint/custom_lint.dart:96:7)
[custom_lint] 2026-01-07T10:58:41.600956 <asynchronous suspension>
[custom_lint] 2026-01-07T10:58:41.600956 #3      _AsyncCompleter.complete (dart:async/future_impl.dart:96:3)
[custom_lint] 2026-01-07T10:58:41.600956 <asynchronous suspension>
[custom_lint] 2026-01-07T10:58:41.600956 #4      _runServer.<anonymous closure> (package:custom_lint/custom_lint.dart:126:19)
[custom_lint] 2026-01-07T10:58:41.600956 <asynchronous suspension>
[custom_lint] 2026-01-07T10:58:41.600956 #5      _runServer (package:custom_lint/custom_lint.dart:86:3)
[custom_lint] 2026-01-07T10:58:41.600956 <asynchronous suspension>
[custom_lint] 2026-01-07T10:58:41.600956 #6      customLint (package:custom_lint/custom_lint.dart:50:5)
[custom_lint] 2026-01-07T10:58:41.600956 <asynchronous suspension>
[custom_lint] 2026-01-07T10:58:41.600956 #7      entrypoint (file:///D:/tools/Pub/Cache/hosted/pub.dev/custom_lint-0.8.1/bin/custom_lint.dart:68:3)
[custom_lint] 2026-01-07T10:58:41.600956 <asynchronous suspension>
[custom_lint] 2026-01-07T10:58:41.600956 #8      main (file:///D:/tools/Pub/Cache/hosted/pub.dev/custom_lint-0.8.1/bin/custom_lint.dart:80:5)
[custom_lint] 2026-01-07T10:58:41.600956 <asynchronous suspension>
[custom_lint] 2026-01-07T10:58:41.600956
[custom_lint] 2026-01-09T09:32:32.126275 /d:/src/saropa_lints/lib/src/rules/async_rules.dart:1338:39: Error: Member not found: 'info'.
[custom_lint] 2026-01-09T09:32:32.126275   LintImpact get impact => LintImpact.info;
[custom_lint] 2026-01-09T09:32:32.126275                                       ^^^^
[custom_lint] 2026-01-09T09:32:32.126275
[custom_lint] 2026-01-09T09:32:32.126275
Failed to start pluginsThe request analysis.setContextRoots failed with the following error:
RequestErrorCode.PLUGIN_ERROR
Bad state: Failed to start the plugins.
at:
#0      SocketCustomLintServerToClientChannel._checkInitializationFail.<anonymous closure> (package:custom_lint/src/v2/server_to_client_channel.dart:223:11)
<asynchronous suspension>
#1      Future.any.onValue (dart:async/future.dart:637:5)
<asynchronous suspension>

[custom_lint] 2026-01-09T09:32:32.187368 _PrettyRequestFailure: {"code":"PLUGIN_ERROR","message":"Bad state: Failed to start the plugins.","stackTrace":"#0      SocketCustomLintServerToClientChannel._checkInitializationFail.<anonymous closure> (package:custom_lint/src/v2/server_to_client_channel.dart:223:11)\n<asynchronous suspension>\n#1      Future.any.onValue (dart:async/future.dart:637:5)\n<asynchronous suspension>\n"}
[custom_lint] 2026-01-09T09:32:32.187368 #0      ChannelBase.sendRequest (package:custom_lint/src/server_isolate_channel.dart:82:7)
[custom_lint] 2026-01-09T09:32:32.187368 <asynchronous suspension>
[custom_lint] 2026-01-09T09:32:32.187368 #1      CustomLintRunner.initialize.<anonymous closure> (package:custom_lint/src/runner.dart:41:5)
[custom_lint] 2026-01-09T09:32:32.187368 <asynchronous suspension>
[custom_lint] 2026-01-09T09:32:32.187368 #2      _runServer.<anonymous closure> (package:custom_lint/custom_lint.dart:96:7)
[custom_lint] 2026-01-09T09:32:32.187368 <asynchronous suspension>
[custom_lint] 2026-01-09T09:32:32.187368 #3      _AsyncCompleter.complete (dart:async/future_impl.dart:96:3)
[custom_lint] 2026-01-09T09:32:32.187368 <asynchronous suspension>
[custom_lint] 2026-01-09T09:32:32.187368 #4      _runServer.<anonymous closure> (package:custom_lint/custom_lint.dart:126:19)
[custom_lint] 2026-01-09T09:32:32.187368 <asynchronous suspension>
[custom_lint] 2026-01-09T09:32:32.187368 #5      _runServer (package:custom_lint/custom_lint.dart:86:3)
[custom_lint] 2026-01-09T09:32:32.187368 <asynchronous suspension>
[custom_lint] 2026-01-09T09:32:32.187368 #6      customLint (package:custom_lint/custom_lint.dart:50:5)
[custom_lint] 2026-01-09T09:32:32.187368 <asynchronous suspension>
[custom_lint] 2026-01-09T09:32:32.187368 #7      entrypoint (file:///D:/tools/Pub/Cache/hosted/pub.dev/custom_lint-0.8.1/bin/custom_lint.dart:68:3)
[custom_lint] 2026-01-09T09:32:32.187368 <asynchronous suspension>
[custom_lint] 2026-01-09T09:32:32.187368 #8      main (file:///D:/tools/Pub/Cache/hosted/pub.dev/custom_lint-0.8.1/bin/custom_lint.dart:80:5)
[custom_lint] 2026-01-09T09:32:32.187368 <asynchronous suspension>
[custom_lint] 2026-01-09T09:32:32.187368
[custom_lint] 2026-01-09T10:32:37.713039 /d:/src/saropa_lints/lib/src/rules/stylistic_rules.dart:2910:41: Error: Expected ';' after this.
[custom_lint] 2026-01-09T10:32:37.713039   static const String curlyApostrophe = '''; // U+2019
[custom_lint] 2026-01-09T10:32:37.713039                                         ^^^^^^^^^^^^^^^...
[custom_lint] 2026-01-09T10:32:37.713039 /d:/src/saropa_lints/lib/src/rules/stylistic_rules.dart:3010:53: Error: Expected a class member, but got ')'.
[custom_lint] 2026-01-09T10:32:37.713039             (match) => match[0]!.replaceAll("'", '''),
[custom_lint] 2026-01-09T10:32:37.713039                                                     ^
[custom_lint] 2026-01-09T10:32:37.713039 /d:/src/saropa_lints/lib/src/rules/stylistic_rules.dart:3010:54: Error: Expected a class member, but got ','.
[custom_lint] 2026-01-09T10:32:37.713039             (match) => match[0]!.replaceAll("'", '''),
[custom_lint] 2026-01-09T10:32:37.713039                                                      ^
[custom_lint] 2026-01-09T10:32:37.713039 /d:/src/saropa_lints/lib/src/rules/stylistic_rules.dart:3011:11: Error: Expected a class member, but got ')'.
[custom_lint] 2026-01-09T10:32:37.713039           );
[custom_lint] 2026-01-09T10:32:37.713039           ^
[custom_lint] 2026-01-09T10:32:37.713039 /d:/src/saropa_lints/lib/src/rules/stylistic_rules.dart:3011:12: Error: Expected a class member, but got ';'.
[custom_lint] 2026-01-09T10:32:37.713039           );
[custom_lint] 2026-01-09T10:32:37.713039            ^
[custom_lint] 2026-01-09T10:32:37.713039 /d:/src/saropa_lints/lib/src/rules/stylistic_rules.dart:3013:11: Error: Expected a class member, but got 'if'.
[custom_lint] 2026-01-09T10:32:37.713039           if (fixed != lexeme) {
[custom_lint] 2026-01-09T10:32:37.713039           ^^
[custom_lint] 2026-01-09T10:32:37.713039 /d:/src/saropa_lints/lib/src/rules/stylistic_rules.dart:3013:14: Error: Expected an identifier, but got '('.
[custom_lint] 2026-01-09T10:32:37.713039 Try inserting an identifier before '('.
[custom_lint] 2026-01-09T10:32:37.713039           if (fixed != lexeme) {
[custom_lint] 2026-01-09T10:32:37.713039              ^
[custom_lint] 2026-01-09T10:32:37.713039 /d:/src/saropa_lints/lib/src/rules/stylistic_rules.dart:3013:21: Error: Expected ')' before this.
[custom_lint] 2026-01-09T10:32:37.713039           if (fixed != lexeme) {
[custom_lint] 2026-01-09T10:32:37.713039                     ^^
[custom_lint] 2026-01-09T10:32:37.713039 /d:/src/saropa_lints/lib/src/rules/stylistic_rules.dart:3027:11: Error: Variables must be declared using the keywords 'const', 'final', 'var' or a type name.
[custom_lint] 2026-01-09T10:32:37.713039 Try adding the name of the type of the variable or the keyword 'var'.
[custom_lint] 2026-01-09T10:32:37.713039           comment = comment.next;
[custom_lint] 2026-01-09T10:32:37.713039           ^^^^^^^
[custom_lint] 2026-01-09T10:32:37.713039 /d:/src/saropa_lints/lib/src/rules/stylistic_rules.dart:3029:9: Error: Variables must be declared using the keywords 'const', 'final', 'var' or a type name.
[custom_lint] 2026-01-09T10:32:37.713039 Try adding the name of the type of the variable or the keyword 'var'.
[custom_lint] 2026-01-09T10:32:37.713039         token = token.next;
[custom_lint] 2026-01-09T10:32:37.713039         ^^^^^
[custom_lint] 2026-01-09T10:32:37.713039 /d:/src/saropa_lints/lib/src/rules/stylistic_rules.dart:3030:7: Error: Expected a declaration, but got '}'.
[custom_lint] 2026-01-09T10:32:37.713039       }
[custom_lint] 2026-01-09T10:32:37.713039       ^
[custom_lint] 2026-01-09T10:32:37.713039 /d:/src/saropa_lints/lib/src/rules/stylistic_rules.dart:3031:5: Error: Expected a declaration, but got '}'.
[custom_lint] 2026-01-09T10:32:37.713039     });
[custom_lint] 2026-01-09T10:32:37.713039     ^
[custom_lint] 2026-01-09T10:32:37.713039 /d:/src/saropa_lints/lib/src/rules/stylistic_rules.dart:3031:6: Error: Expected a declaration, but got ')'.
[custom_lint] 2026-01-09T10:32:37.713039     });
[custom_lint] 2026-01-09T10:32:37.713039      ^
[custom_lint] 2026-01-09T10:32:37.713039 /d:/src/saropa_lints/lib/src/rules/stylistic_rules.dart:3031:7: Error: Unexpected token ';'.
[custom_lint] 2026-01-09T10:32:37.713039     });
[custom_lint] 2026-01-09T10:32:37.713039       ^
[custom_lint] 2026-01-09T10:32:37.713039 /d:/src/saropa_lints/lib/src/rules/stylistic_rules.dart:3032:3: Error: Expected a declaration, but got '}'.
[custom_lint] 2026-01-09T10:32:37.713039   }
[custom_lint] 2026-01-09T10:32:37.713039   ^
[custom_lint] 2026-01-09T10:32:37.713039 /d:/src/saropa_lints/lib/src/rules/stylistic_rules.dart:3033:1: Error: Expected a declaration, but got '}'.
[custom_lint] 2026-01-09T10:32:37.713039 }
[custom_lint] 2026-01-09T10:32:37.713039 ^
[custom_lint] 2026-01-09T10:32:37.713039 /d:/src/saropa_lints/lib/src/rules/stylistic_rules.dart:2890:7: Error: The non-abstract class 'PreferCurlyApostropheRule' is missing implementations for these members:
[custom_lint] 2026-01-09T10:32:37.713039  - SaropaLintRule.runWithReporter
[custom_lint] 2026-01-09T10:32:37.713039 Try to either
[custom_lint] 2026-01-09T10:32:37.713039  - provide an implementation,
[custom_lint] 2026-01-09T10:32:37.713039  - inherit an implementation from a superclass or mixin,
[custom_lint] 2026-01-09T10:32:37.713039  - mark the class as abstract, or
[custom_lint] 2026-01-09T10:32:37.713039  - provide a 'noSuchMethod' implementation.
[custom_lint] 2026-01-09T10:32:37.713039 class PreferCurlyApostropheRule extends SaropaLintRule {
[custom_lint] 2026-01-09T10:32:37.713039       ^^^^^^^^^^^^^^^^^^^^^^^^^
[custom_lint] 2026-01-09T10:32:37.713039 /d:/src/saropa_lints/lib/src/saropa_lint_rule.dart:399:8: Context: 'SaropaLintRule.runWithReporter' is defined here.
[custom_lint] 2026-01-09T10:32:37.713039   void runWithReporter(
[custom_lint] 2026-01-09T10:32:37.713039        ^^^^^^^^^^^^^^^
[custom_lint] 2026-01-09T10:32:37.713039 /d:/src/saropa_lints/lib/src/rules/stylistic_rules.dart:3027:21: Error: Can't access 'this' in a field initializer to read 'comment'.
[custom_lint] 2026-01-09T10:32:37.713039           comment = comment.next;
[custom_lint] 2026-01-09T10:32:37.713039                     ^^^^^^^
[custom_lint] 2026-01-09T10:32:37.713039 /d:/src/saropa_lints/lib/src/rules/stylistic_rules.dart:3029:9: Error: Can't infer the type of 'token': circularity found during type inference.
[custom_lint] 2026-01-09T10:32:37.713039 Specify the type explicitly.
[custom_lint] 2026-01-09T10:32:37.713039         token = token.next;
[custom_lint] 2026-01-09T10:32:37.713039         ^^^^^
[custom_lint] 2026-01-09T10:32:37.713039 /d:/src/saropa_lints/lib/saropa_lints.dart:730:3: Error: Method not found: 'PreferLiteralApostropheRule'.
[custom_lint] 2026-01-09T10:32:37.713039   PreferLiteralApostropheRule(),
[custom_lint] 2026-01-09T10:32:37.713039   ^^^^^^^^^^^^^^^^^^^^^^^^^^^
[custom_lint] 2026-01-09T10:32:37.713039 /d:/src/saropa_lints/lib/src/rules/stylistic_rules.dart:2798:26: Error: The getter 'leftSingleQuote' isn't defined for the type 'PreferStraightApostropheRule'.
[custom_lint] 2026-01-09T10:32:37.713039  - 'PreferStraightApostropheRule' is 
[custom_lint] 2026-01-09T10:32:37.713039
[custom_lint] 2026-01-09T10:32:37.720043 from 'package:saropa_lints/src/rules/stylistic_rules.dart' ('/d:/src/saropa_lints/lib/src/rules/stylistic_rules.dart').
[custom_lint] 2026-01-09T10:32:37.720043 Try correcting the name to the name of an existing getter, or defining a getter or field named 'leftSingleQuote'.
[custom_lint] 2026-01-09T10:32:37.720043           value.contains(leftSingleQuote)) {
[custom_lint] 2026-01-09T10:32:37.720043                          ^^^^^^^^^^^^^^^
[custom_lint] 2026-01-09T10:32:37.720043 /d:/src/saropa_lints/lib/src/rules/stylistic_rules.dart:2807:26: Error: The getter 'leftSingleQuote' isn't defined for the type 'PreferStraightApostropheRule'.
[custom_lint] 2026-01-09T10:32:37.720043  - 'PreferStraightApostropheRule' is from 'package:saropa_lints/src/rules/stylistic_rules.dart' ('/d:/src/saropa_lints/lib/src/rules/stylistic_rules.dart').
[custom_lint] 2026-01-09T10:32:37.720043 Try correcting the name to the name of an existing getter, or defining a getter or field named 'leftSingleQuote'.
[custom_lint] 2026-01-09T10:32:37.720043           value.contains(leftSingleQuote)) {
[custom_lint] 2026-01-09T10:32:37.720043                          ^^^^^^^^^^^^^^^
[custom_lint] 2026-01-09T10:32:37.720043 /d:/src/saropa_lints/lib/src/rules/stylistic_rules.dart:2891:9: Error: Constructor is marked 'const' so all fields must be final.
[custom_lint] 2026-01-09T10:32:37.720043   const PreferCurlyApostropheRule() : super(code: _code);
[custom_lint] 2026-01-09T10:32:37.720043         ^
[custom_lint] 2026-01-09T10:32:37.720043 /d:/src/saropa_lints/lib/src/rules/stylistic_rules.dart:3027:11: Context: Field isn't final, but constructor is 'const'.
[custom_lint] 2026-01-09T10:32:37.720043           comment = comment.next;
[custom_lint] 2026-01-09T10:32:37.720043           ^
[custom_lint] 2026-01-09T10:32:37.720043
[custom_lint] 2026-01-09T10:32:37.720043
Failed to start pluginsThe request analysis.setContextRoots failed with the following error:
RequestErrorCode.PLUGIN_ERROR
Bad state: Failed to start the plugins.
at:
#0      SocketCustomLintServerToClientChannel._checkInitializationFail.<anonymous closure> (package:custom_lint/src/v2/server_to_client_channel.dart:223:11)
<asynchronous suspension>
#1      Future.any.onValue (dart:async/future.dart:637:5)
<asynchronous suspension>

[custom_lint] 2026-01-09T10:32:37.771692 _PrettyRequestFailure: {"code":"PLUGIN_ERROR","message":"Bad state: Failed to start the plugins.","stackTrace":"#0      SocketCustomLintServerToClientChannel._checkInitializationFail.<anonymous closure> (package:custom_lint/src/v2/server_to_client_channel.dart:223:11)\n<asynchronous suspension>\n#1      Future.any.onValue (dart:async/future.dart:637:5)\n<asynchronous suspension>\n"}
[custom_lint] 2026-01-09T10:32:37.771692 #0      ChannelBase.sendRequest (package:custom_lint/src/server_isolate_channel.dart:82:7)
[custom_lint] 2026-01-09T10:32:37.771692 <asynchronous suspension>
[custom_lint] 2026-01-09T10:32:37.771692 #1      CustomLintRunner.initialize.<anonymous closure> (package:custom_lint/src/runner.dart:41:5)
[custom_lint] 2026-01-09T10:32:37.771692 <asynchronous suspension>
[custom_lint] 2026-01-09T10:32:37.771692 #2      _runServer.<anonymous closure> (package:custom_lint/custom_lint.dart:96:7)
[custom_lint] 2026-01-09T10:32:37.771692 <asynchronous suspension>
[custom_lint] 2026-01-09T10:32:37.771692 #3      _AsyncCompleter.complete (dart:async/future_impl.dart:96:3)
[custom_lint] 2026-01-09T10:32:37.771692 <asynchronous suspension>
[custom_lint] 2026-01-09T10:32:37.771692 #4      _runServer.<anonymous closure> (package:custom_lint/custom_lint.dart:126:19)
[custom_lint] 2026-01-09T10:32:37.771692 <asynchronous suspension>
[custom_lint] 2026-01-09T10:32:37.771692 #5      _runServer (package:custom_lint/custom_lint.dart:86:3)
[custom_lint] 2026-01-09T10:32:37.771692 <asynchronous suspension>
[custom_lint] 2026-01-09T10:32:37.771692 #6      customLint (package:custom_lint/custom_lint.dart:50:5)
[custom_lint] 2026-01-09T10:32:37.771692 <asynchronous suspension>
[custom_lint] 2026-01-09T10:32:37.771692 #7      entrypoint (file:///D:/tools/Pub/Cache/hosted/pub.dev/custom_lint-0.8.1/bin/custom_lint.dart:68:3)
[custom_lint] 2026-01-09T10:32:37.771692 <asynchronous suspension>
[custom_lint] 2026-01-09T10:32:37.771692 #8      main (file:///D:/tools/Pub/Cache/hosted/pub.dev/custom_lint-0.8.1/bin/custom_lint.dart:80:5)
[custom_lint] 2026-01-09T10:32:37.771692 <asynchronous suspension>
[custom_lint] 2026-01-09T10:32:37.771692
[custom_lint] 2026-01-09T10:34:33.053326 /d:/src/saropa_lints/lib/src/rules/stylistic_rules.dart:2915:48: Error: Expected ',' before this.
[custom_lint] 2026-01-09T10:34:33.053326     r'let|it|there|here|we|I|you|they|that|we\'ll|I\'ve)\b',
[custom_lint] 2026-01-09T10:34:33.053326                                                ^^
[custom_lint] 2026-01-09T10:34:33.053326 /d:/src/saropa_lints/lib/src/rules/stylistic_rules.dart:2915:52: Error: Expected ')' before this.
[custom_lint] 2026-01-09T10:34:33.053326     r'let|it|there|here|we|I|you|they|that|we\'ll|I\'ve)\b',
[custom_lint] 2026-01-09T10:34:33.053326                                                    ^
[custom_lint] 2026-01-09T10:34:33.053326 /d:/src/saropa_lints/lib/src/rules/stylistic_rules.dart:2915:51: Error: Undefined name 'I'.
[custom_lint] 2026-01-09T10:34:33.053326     r'let|it|there|here|we|I|you|they|that|we\'ll|I\'ve)\b',
[custom_lint] 2026-01-09T10:34:33.053326                                                   ^
[custom_lint] 2026-01-09T10:34:33.053326 /d:/src/saropa_lints/lib/src/rules/stylistic_rules.dart:2915:48: Error: Undefined name 'll'.
[custom_lint] 2026-01-09T10:34:33.053326     r'let|it|there|here|we|I|you|they|that|we\'ll|I\'ve)\b',
[custom_lint] 2026-01-09T10:34:33.053326                                                ^^
[custom_lint] 2026-01-09T10:34:33.053326 /d:/src/saropa_lints/lib/src/rules/stylistic_rules.dart:2913:51: Error: Too many positional arguments: 1 allowed, but 2 found.
[custom_lint] 2026-01-09T10:34:33.053326 Try removing the extra positional arguments.
[custom_lint] 2026-01-09T10:34:33.053326   static final RegExp _contractionPattern = RegExp(
[custom_lint] 2026-01-09T10:34:33.053326                                                   ^
[custom_lint] 2026-01-09T10:34:33.053326 org-dartlang-sdk:///sdk/lib/_internal/vm/lib/regexp_patch.dart:10:11: Context: Found this candidate, but the arguments don't match.
[custom_lint] 2026-01-09T10:34:33.053326   factory RegExp(
[custom_lint] 2026-01-09T10:34:33.053326           ^
[custom_lint] 2026-01-09T10:34:33.053326 /d:/src/saropa_lints/lib/src/rules/stylistic_rules.dart:2989:13: Error: The method 'SourceRange' isn't defined for the type '_ReplaceStraightApostropheFix'.
[custom_lint] 2026-01-09T10:34:33.053326  - '_ReplaceStraightApostropheFix' is from 'package:saropa_lints/src/rules/stylistic_rules.dart' ('/d:/src/saropa_lints/lib/src/rules/stylistic_rules.dart').
[custom_lint] 2026-01-09T10:34:33.053326 Try correcting the name to the name of an existing method, or defining a method named 'SourceRange'.
[custom_lint] 2026-01-09T10:34:33.053326             SourceRange(comment.offset, comment.length),
[custom_lint] 2026-01-09T10:34:33.053326             ^^^^^^^^^^^
[custom_lint] 2026-01-09T10:34:33.053326 /d:/src/saropa_lints/lib/src/rules/stylistic_rules.dart:3021:17: Error: The method 'SourceRange' isn't defined for the type '_ReplaceStraightApostropheFix'.
[custom_lint] 2026-01-09T10:34:33.053326  - '_ReplaceStraightApostropheFix' is from 'package:saropa_lints/src/rules/stylistic_rules.dart' ('/d:/src/saropa_lints/lib/src/rules/stylistic_rules.dart').
[custom_lint] 2026-01-09T10:34:33.053326 Try correcting the name to the name of an existing method, or defining a method named 'SourceRange'.
[custom_lint] 2026-01-09T10:34:33.053326                 SourceRange(comment!.offset, comment.length),
[custom_lint] 2026-01-09T10:34:33.053326                 ^^^^^^^^^^^
[custom_lint] 2026-01-09T10:34:33.053326
[custom_lint] 2026-01-09T10:34:33.053326
Failed to start pluginsThe request analysis.setContextRoots failed with the following error:
RequestErrorCode.PLUGIN_ERROR
Bad state: Failed to start the plugins.
at:
#0      SocketCustomLintServerToClientChannel._checkInitializationFail.<anonymous closure> (package:custom_lint/src/v2/server_to_client_channel.dart:223:11)
<asynchronous suspension>
#1      Future.any.onValue (dart:async/future.dart:637:5)
<asynchronous suspension>

[custom_lint] 2026-01-09T10:34:33.114648 _PrettyRequestFailure: {"code":"PLUGIN_ERROR","message":"Bad state: Failed to start the plugins.","stackTrace":"#0      SocketCustomLintServerToClientChannel._checkInitializationFail.<anonymous closure> (package:custom_lint/src/v2/server_to_client_channel.dart:223:11)\n<asynchronous suspension>\n#1      Future.any.onValue (dart:async/future.dart:637:5)\n<asynchronous suspension>\n"}
[custom_lint] 2026-01-09T10:34:33.114648 #0      ChannelBase.sendRequest (package:custom_lint/src/server_isolate_channel.dart:82:7)
[custom_lint] 2026-01-09T10:34:33.114648 <asynchronous suspension>
[custom_lint] 2026-01-09T10:34:33.114648 #1      CustomLintRunner.initialize.<anonymous closure> (package:custom_lint/src/runner.dart:41:5)
[custom_lint] 2026-01-09T10:34:33.114648 <asynchronous suspension>
[custom_lint] 2026-01-09T10:34:33.114648 #2      _runServer.<anonymous closure> (package:custom_lint/custom_lint.dart:96:7)
[custom_lint] 2026-01-09T10:34:33.114648 <asynchronous suspension>
[custom_lint] 2026-01-09T10:34:33.114648 #3      _AsyncCompleter.complete (dart:async/future_impl.dart:96:3)
[custom_lint] 2026-01-09T10:34:33.114648 <asynchronous suspension>
[custom_lint] 2026-01-09T10:34:33.114648 #4      _runServer.<anonymous closure> (package:custom_lint/custom_lint.dart:126:19)
[custom_lint] 2026-01-09T10:34:33.114648 <asynchronous suspension>
[custom_lint] 2026-01-09T10:34:33.114648 #5      _runServer (package:custom_lint/custom_lint.dart:86:3)
[custom_lint] 2026-01-09T10:34:33.114648 <asynchronous suspension>
[custom_lint] 2026-01-09T10:34:33.114648 #6      customLint (package:custom_lint/custom_lint.dart:50:5)
[custom_lint] 2026-01-09T10:34:33.114648 <asynchronous suspension>
[custom_lint] 2026-01-09T10:34:33.114648 #7      entrypoint (file:///D:/tools/Pub/Cache/hosted/pub.dev/custom_lint-0.8.1/bin/custom_lint.dart:68:3)
[custom_lint] 2026-01-09T10:34:33.114648 <asynchronous suspension>
[custom_lint] 2026-01-09T10:34:33.114648 #8      main (file:///D:/tools/Pub/Cache/hosted/pub.dev/custom_lint-0.8.1/bin/custom_lint.dart:80:5)
[custom_lint] 2026-01-09T10:34:33.114648 <asynchronous suspension>
[custom_lint] 2026-01-09T10:34:33.114648
[custom_lint] 2026-01-09T10:35:48.893431 /d:/src/saropa_lints/lib/src/rules/stylistic_rules.dart:2924:48: Error: Expected ',' before this.
[custom_lint] 2026-01-09T10:35:48.893431     r'let|it|there|here|we|I|you|they|that|we\'ll|I\'ve)\b',
[custom_lint] 2026-01-09T10:35:48.893431                                                ^^
[custom_lint] 2026-01-09T10:35:48.893431 /d:/src/saropa_lints/lib/src/rules/stylistic_rules.dart:2924:52: Error: Expected ')' before this.
[custom_lint] 2026-01-09T10:35:48.893431     r'let|it|there|here|we|I|you|they|that|we\'ll|I\'ve)\b',
[custom_lint] 2026-01-09T10:35:48.893431                                                    ^
[custom_lint] 2026-01-09T10:35:48.893431 /d:/src/saropa_lints/lib/src/rules/stylistic_rules.dart:2924:51: Error: Undefined name 'I'.
[custom_lint] 2026-01-09T10:35:48.893431     r'let|it|there|here|we|I|you|they|that|we\'ll|I\'ve)\b',
[custom_lint] 2026-01-09T10:35:48.893431                                                   ^
[custom_lint] 2026-01-09T10:35:48.893431 /d:/src/saropa_lints/lib/src/rules/stylistic_rules.dart:2924:48: Error: Undefined name 'll'.
[custom_lint] 2026-01-09T10:35:48.893431     r'let|it|there|here|we|I|you|they|that|we\'ll|I\'ve)\b',
[custom_lint] 2026-01-09T10:35:48.893431                                                ^^
[custom_lint] 2026-01-09T10:35:48.893431 /d:/src/saropa_lints/lib/src/rules/stylistic_rules.dart:2922:51: Error: Too many positional arguments: 1 allowed, but 2 found.
[custom_lint] 2026-01-09T10:35:48.893431 Try removing the extra positional arguments.
[custom_lint] 2026-01-09T10:35:48.893431   static final RegExp _contractionPattern = RegExp(
[custom_lint] 2026-01-09T10:35:48.893431                                                   ^
[custom_lint] 2026-01-09T10:35:48.893431 org-dartlang-sdk:///sdk/lib/_internal/vm/lib/regexp_patch.dart:10:11: Context: Found this candidate, but the arguments don't match.
[custom_lint] 2026-01-09T10:35:48.893431   factory RegExp(
[custom_lint] 2026-01-09T10:35:48.893431           ^
[custom_lint] 2026-01-09T10:35:48.893431 /d:/src/saropa_lints/lib/src/rules/stylistic_rules.dart:2998:13: Error: The method 'SourceRange' isn't defined for the type '_ReplaceStraightApostropheFix'.
[custom_lint] 2026-01-09T10:35:48.893431  - '_ReplaceStraightApostropheFix' is from 'package:saropa_lints/src/rules/stylistic_rules.dart' ('/d:/src/saropa_lints/lib/src/rules/stylistic_rules.dart').
[custom_lint] 2026-01-09T10:35:48.893431 Try correcting the name to the name of an existing method, or defining a method named 'SourceRange'.
[custom_lint] 2026-01-09T10:35:48.893431             SourceRange(comment.offset, comment.length),
[custom_lint] 2026-01-09T10:35:48.893431             ^^^^^^^^^^^
[custom_lint] 2026-01-09T10:35:48.893431 /d:/src/saropa_lints/lib/src/rules/stylistic_rules.dart:3030:17: Error: The method 'SourceRange' isn't defined for the type '_ReplaceStraightApostropheFix'.
[custom_lint] 2026-01-09T10:35:48.893431  - '_ReplaceStraightApostropheFix' is from 'package:saropa_lints/src/rules/stylistic_rules.dart' ('/d:/src/saropa_lints/lib/src/rules/stylistic_rules.dart').
[custom_lint] 2026-01-09T10:35:48.893431 Try correcting the name to the name of an existing method, or defining a method named 'SourceRange'.
[custom_lint] 2026-01-09T10:35:48.893431                 SourceRange(comment!.offset, comment.length),
[custom_lint] 2026-01-09T10:35:48.893431                 ^^^^^^^^^^^
[custom_lint] 2026-01-09T10:35:48.893431
[custom_lint] 2026-01-09T10:35:48.893431
Failed to start pluginsThe request analysis.setContextRoots failed with the following error:
RequestErrorCode.PLUGIN_ERROR
Bad state: Failed to start the plugins.
at:
#0      SocketCustomLintServerToClientChannel._checkInitializationFail.<anonymous closure> (package:custom_lint/src/v2/server_to_client_channel.dart:223:11)
<asynchronous suspension>
#1      Future.any.onValue (dart:async/future.dart:637:5)
<asynchronous suspension>

[custom_lint] 2026-01-09T10:35:48.955507 _PrettyRequestFailure: {"code":"PLUGIN_ERROR","message":"Bad state: Failed to start the plugins.","stackTrace":"#0      SocketCustomLintServerToClientChannel._checkInitializationFail.<anonymous closure> (package:custom_lint/src/v2/server_to_client_channel.dart:223:11)\n<asynchronous suspension>\n#1      Future.any.onValue (dart:async/future.dart:637:5)\n<asynchronous suspension>\n"}
[custom_lint] 2026-01-09T10:35:48.955507 #0      ChannelBase.sendRequest (package:custom_lint/src/server_isolate_channel.dart:82:7)
[custom_lint] 2026-01-09T10:35:48.955507 <asynchronous suspension>
[custom_lint] 2026-01-09T10:35:48.955507 #1      CustomLintRunner.initialize.<anonymous closure> (package:custom_lint/src/runner.dart:41:5)
[custom_lint] 2026-01-09T10:35:48.955507 <asynchronous suspension>
[custom_lint] 2026-01-09T10:35:48.955507 #2      _runServer.<anonymous closure> (package:custom_lint/custom_lint.dart:96:7)
[custom_lint] 2026-01-09T10:35:48.955507 <asynchronous suspension>
[custom_lint] 2026-01-09T10:35:48.955507 #3      _AsyncCompleter.complete (dart:async/future_impl.dart:96:3)
[custom_lint] 2026-01-09T10:35:48.955507 <asynchronous suspension>
[custom_lint] 2026-01-09T10:35:48.955507 #4      _runServer.<anonymous closure> (package:custom_lint/custom_lint.dart:126:19)
[custom_lint] 2026-01-09T10:35:48.955507 <asynchronous suspension>
[custom_lint] 2026-01-09T10:35:48.955507 #5      _runServer (package:custom_lint/custom_lint.dart:86:3)
[custom_lint] 2026-01-09T10:35:48.955507 <asynchronous suspension>
[custom_lint] 2026-01-09T10:35:48.955507 #6      customLint (package:custom_lint/custom_lint.dart:50:5)
[custom_lint] 2026-01-09T10:35:48.955507 <asynchronous suspension>
[custom_lint] 2026-01-09T10:35:48.955507 #7      entrypoint (file:///D:/tools/Pub/Cache/hosted/pub.dev/custom_lint-0.8.1/bin/custom_lint.dart:68:3)
[custom_lint] 2026-01-09T10:35:48.955507 <asynchronous suspension>
[custom_lint] 2026-01-09T10:35:48.955507 #8      main (file:///D:/tools/Pub/Cache/hosted/pub.dev/custom_lint-0.8.1/bin/custom_lint.dart:80:5)
[custom_lint] 2026-01-09T10:35:48.955507 <asynchronous suspension>
[custom_lint] 2026-01-09T10:35:48.955507
[custom_lint] 2026-01-09T10:36:37.335074 /d:/src/saropa_lints/lib/src/rules/stylistic_rules.dart:2996:17: Error: 'SourceRange' isn't a type.
[custom_lint] 2026-01-09T10:36:37.335074           final SourceRange commentRange =
[custom_lint] 2026-01-09T10:36:37.335074                 ^^^^^^^^^^^
[custom_lint] 2026-01-09T10:36:37.335074 /d:/src/saropa_lints/lib/src/rules/stylistic_rules.dart:2997:15: Error: The method 'SourceRange' isn't defined for the type '_ReplaceStraightApostropheFix'.
[custom_lint] 2026-01-09T10:36:37.335074  - '_ReplaceStraightApostropheFix' is from 'package:saropa_lints/src/rules/stylistic_rules.dart' ('/d:/src/saropa_lints/lib/src/rules/stylistic_rules.dart').
[custom_lint] 2026-01-09T10:36:37.335074 Try correcting the name to the name of an existing method, or defining a method named 'SourceRange'.
[custom_lint] 2026-01-09T10:36:37.335074               SourceRange(comment.offset, comment.length);
[custom_lint] 2026-01-09T10:36:37.335074               ^^^^^^^^^^^
[custom_lint] 2026-01-09T10:36:37.335074
[custom_lint] 2026-01-09T10:36:37.335074
Failed to start pluginsThe request analysis.setContextRoots failed with the following error:
RequestErrorCode.PLUGIN_ERROR
Bad state: Failed to start the plugins.
at:
#0      SocketCustomLintServerToClientChannel._checkInitializationFail.<anonymous closure> (package:custom_lint/src/v2/server_to_client_channel.dart:223:11)
<asynchronous suspension>
#1      Future.any.onValue (dart:async/future.dart:637:5)
<asynchronous suspension>

[custom_lint] 2026-01-09T10:36:37.395078 _PrettyRequestFailure: {"code":"PLUGIN_ERROR","message":"Bad state: Failed to start the plugins.","stackTrace":"#0      SocketCustomLintServerToClientChannel._checkInitializationFail.<anonymous closure> (package:custom_lint/src/v2/server_to_client_channel.dart:223:11)\n<asynchronous suspension>\n#1      Future.any.onValue (dart:async/future.dart:637:5)\n<asynchronous suspension>\n"}
[custom_lint] 2026-01-09T10:36:37.395078 #0      ChannelBase.sendRequest (package:custom_lint/src/server_isolate_channel.dart:82:7)
[custom_lint] 2026-01-09T10:36:37.395078 <asynchronous suspension>
[custom_lint] 2026-01-09T10:36:37.395078 #1      CustomLintRunner.initialize.<anonymous closure> (package:custom_lint/src/runner.dart:41:5)
[custom_lint] 2026-01-09T10:36:37.395078 <asynchronous suspension>
[custom_lint] 2026-01-09T10:36:37.395078 #2      _runServer.<anonymous closure> (package:custom_lint/custom_lint.dart:96:7)
[custom_lint] 2026-01-09T10:36:37.395078 <asynchronous suspension>
[custom_lint] 2026-01-09T10:36:37.395078 #3      _AsyncCompleter.complete (dart:async/future_impl.dart:96:3)
[custom_lint] 2026-01-09T10:36:37.395078 <asynchronous suspension>
[custom_lint] 2026-01-09T10:36:37.395078 #4      _runServer.<anonymous closure> (package:custom_lint/custom_lint.dart:126:19)
[custom_lint] 2026-01-09T10:36:37.395078 <asynchronous suspension>
[custom_lint] 2026-01-09T10:36:37.395078 #5      _runServer (package:custom_lint/custom_lint.dart:86:3)
[custom_lint] 2026-01-09T10:36:37.395078 <asynchronous suspension>
[custom_lint] 2026-01-09T10:36:37.395078 #6      customLint (package:custom_lint/custom_lint.dart:50:5)
[custom_lint] 2026-01-09T10:36:37.395078 <asynchronous suspension>
[custom_lint] 2026-01-09T10:36:37.395078 #7      entrypoint (file:///D:/tools/Pub/Cache/hosted/pub.dev/custom_lint-0.8.1/bin/custom_lint.dart:68:3)
[custom_lint] 2026-01-09T10:36:37.395078 <asynchronous suspension>
[custom_lint] 2026-01-09T10:36:37.395078 #8      main (file:///D:/tools/Pub/Cache/hosted/pub.dev/custom_lint-0.8.1/bin/custom_lint.dart:80:5)
[custom_lint] 2026-01-09T10:36:37.395078 <asynchronous suspension>
[custom_lint] 2026-01-09T10:36:37.395078
[custom_lint] 2026-01-09T10:38:36.912360 /d:/src/saropa_lints/lib/src/rules/stylistic_rules.dart:2876:2: Error: Expected an identifier, but got '('.
[custom_lint] 2026-01-09T10:38:36.912360 Try inserting an identifier before '('.
[custom_lint] 2026-01-09T10:38:36.912360  (U+0027)
[custom_lint] 2026-01-09T10:38:36.912360  ^
[custom_lint] 2026-01-09T10:38:36.912360 /d:/src/saropa_lints/lib/src/rules/stylistic_rules.dart:2876:4: Error: Expected ')' before this.
[custom_lint] 2026-01-09T10:38:36.912360  (U+0027)
[custom_lint] 2026-01-09T10:38:36.912360    ^
[custom_lint] 2026-01-09T10:38:36.912360 /d:/src/saropa_lints/lib/src/rules/stylistic_rules.dart:2877:3: Error: Expected '{' before this.
[custom_lint] 2026-01-09T10:38:36.912360   static const String straightApostrophe = "'";
[custom_lint] 2026-01-09T10:38:36.912360   ^^^^^^
[custom_lint] 2026-01-09T10:38:36.912360 /d:/src/saropa_lints/lib/src/rules/stylistic_rules.dart:2880:50: Error: Expected a class member, but got ')'.
[custom_lint] 2026-01-09T10:38:36.912360   static const String curlyApostrophe = '\u2019';)
[custom_lint] 2026-01-09T10:38:36.912360                                                  ^
[custom_lint] 2026-01-09T10:38:36.912360 /d:/src/saropa_lints/lib/src/rules/stylistic_rules.dart:2881:23: Error: 'curlyApostrophe' is already declared in this scope.
[custom_lint] 2026-01-09T10:38:36.912360   static const String curlyApostrophe = '\u2019'; // U+2019
[custom_lint] 2026-01-09T10:38:36.912360                       ^^^^^^^^^^^^^^^
[custom_lint] 2026-01-09T10:38:36.912360 /d:/src/saropa_lints/lib/src/rules/stylistic_rules.dart:2880:23: Context: Previous declaration of 'curlyApostrophe'.
[custom_lint] 2026-01-09T10:38:36.912360   static const String curlyApostrophe = '\u2019';)
[custom_lint] 2026-01-09T10:38:36.912360                       ^^^^^^^^^^^^^^^
[custom_lint] 2026-01-09T10:38:36.912360
[custom_lint] 2026-01-09T10:38:36.912360
Failed to start pluginsThe request analysis.setContextRoots failed with the following error:
RequestErrorCode.PLUGIN_ERROR
Bad state: Failed to start the plugins.
at:
#0      SocketCustomLintServerToClientChannel._checkInitializationFail.<anonymous closure> (package:custom_lint/src/v2/server_to_client_channel.dart:223:11)
<asynchronous suspension>
#1      Future.any.onValue (dart:async/future.dart:637:5)
<asynchronous suspension>

[custom_lint] 2026-01-09T10:38:36.971653 _PrettyRequestFailure: {"code":"PLUGIN_ERROR","message":"Bad state: Failed to start the plugins.","stackTrace":"#0      SocketCustomLintServerToClientChannel._checkInitializationFail.<anonymous closure> (package:custom_lint/src/v2/server_to_client_channel.dart:223:11)\n<asynchronous suspension>\n#1      Future.any.onValue (dart:async/future.dart:637:5)\n<asynchronous suspension>\n"}
[custom_lint] 2026-01-09T10:38:36.971653 #0      ChannelBase.sendRequest (package:custom_lint/src/server_isolate_channel.dart:82:7)
[custom_lint] 2026-01-09T10:38:36.971653 <asynchronous suspension>
[custom_lint] 2026-01-09T10:38:36.971653 #1      CustomLintRunner.initialize.<anonymous closure> (package:custom_lint/src/runner.dart:41:5)
[custom_lint] 2026-01-09T10:38:36.971653 <asynchronous suspension>
[custom_lint] 2026-01-09T10:38:36.971653 #2      _runServer.<anonymous closure> (package:custom_lint/custom_lint.dart:96:7)
[custom_lint] 2026-01-09T10:38:36.971653 <asynchronous suspension>
[custom_lint] 2026-01-09T10:38:36.971653 #3      _AsyncCompleter.complete (dart:async/future_impl.dart:96:3)
[custom_lint] 2026-01-09T10:38:36.971653 <asynchronous suspension>
[custom_lint] 2026-01-09T10:38:36.971653 #4      _runServer.<anonymous closure> (package:custom_lint/custom_lint.dart:126:19)
[custom_lint] 2026-01-09T10:38:36.971653 <asynchronous suspension>
[custom_lint] 2026-01-09T10:38:36.971653 #5      _runServer (package:custom_lint/custom_lint.dart:86:3)
[custom_lint] 2026-01-09T10:38:36.971653 <asynchronous suspension>
[custom_lint] 2026-01-09T10:38:36.971653 #6      customLint (package:custom_lint/custom_lint.dart:50:5)
[custom_lint] 2026-01-09T10:38:36.971653 <asynchronous suspension>
[custom_lint] 2026-01-09T10:38:36.971653 #7      entrypoint (file:///D:/tools/Pub/Cache/hosted/pub.dev/custom_lint-0.8.1/bin/custom_lint.dart:68:3)
[custom_lint] 2026-01-09T10:38:36.971653 <asynchronous suspension>
[custom_lint] 2026-01-09T10:38:36.971653 #8      main (file:///D:/tools/Pub/Cache/hosted/pub.dev/custom_lint-0.8.1/bin/custom_lint.dart:80:5)
[custom_lint] 2026-01-09T10:38:36.971653 <asynchronous suspension>
[custom_lint] 2026-01-09T10:38:36.971653
[custom_lint] 2026-01-11T17:45:17.236868 ../../runtime/vm/zone.cc: 96: error: Out of memory.
[custom_lint] 2026-01-11T17:45:17.236868
[custom_lint] 2026-01-11T17:45:17.236868
[custom_lint] 2026-01-11T17:45:17.241389 version=3.10.4 (stable) (Tue Dec 9 00:01:55 2025 -0800) on "windows_x64"
[custom_lint] 2026-01-11T17:45:17.241389
[custom_lint] 2026-01-11T17:45:17.241389
The request analysis.setContextRoots failed with the following error:
RequestErrorCode.PLUGIN_ERROR
Bad state: No response for request CustomLintRequest.analyzerPluginRequest(request: Instance of 'Request', id: 8ccfc072-da4b-40fa-aced-fe59ab089ca4)
at:
#0      SocketCustomLintServerToClientChannel.sendCustomLintRequest.<anonymous closure> (package:custom_lint/src/v2/server_to_client_channel.dart:256:21)
#1      _runUserCode (dart:async/stream_pipe.dart:14:23)
#2      Stream.firstWhere.<anonymous closure> (dart:async/stream.dart:1782:11)
#3      _rootRun (dart:async/zone.dart:1517:47)
#4      _CustomZone.run (dart:async/zone.dart:1422:19)
#5      _CustomZone.runGuarded (dart:async/zone.dart:1321:7)
#6      _BufferingStreamSubscription._sendDone.sendDone (dart:async/stream_impl.dart:434:13)
#7      _BufferingStreamSubscription._sendDone (dart:async/stream_impl.dart:444:7)
#8      _BufferingStreamSubscription._close (dart:async/stream_impl.dart:333:7)
#9      _ForwardingStream._handleDone (dart:async/stream_pipe.dart:123:10)
#10     _ForwardingStreamSubscription._handleDone (dart:async/stream_pipe.dart:192:13)
#11     _rootRun (dart:async/zone.dart:1517:47)
#12     _CustomZone.run (dart:async/zone.dart:1422:19)
#13     _CustomZone.runGuarded (dart:async/zone.dart:1321:7)
#14     _BufferingStreamSubscription._sendDone.sendDone (dart:async/stream_impl.dart:434:13)
#15     _BufferingStreamSubscription._sendDone (dart:async/stream_impl.dart:444:7)
#16     _BufferingStreamSubscription._close (dart:async/stream_impl.dart:333:7)
#17     _ForwardingStream._handleDone (dart:async/stream_pipe.dart:123:10)
#18     _ForwardingStreamSubscription._handleDone (dart:async/stream_pipe.dart:192:13)
#19     _rootRun (dart:async/zone.dart:1517:47)
#20     _CustomZone.run (dart:async/zone.dart:1422:19)
#21     _CustomZone.runGuarded (dart:async/zone.dart:1321:7)
#22     _BufferingStreamSubscription._sendDone.sendDone (dart:async/stream_impl.dart:434:13)
#23     _BufferingStreamSubscription._sendDone (dart:async/stream_impl.dart:444:7)
#24     _BufferingStreamSubscription._close (dart:async/stream_impl.dart:333:7)
#25     _ForwardingStream._handleDone (dart:async/stream_pipe.dart:123:10)
#26     _ForwardingStreamSubscription._handleDone (dart:async/stream_pipe.dart:192:13)
#27     _rootRun (dart:async/zone.dart:1517:47)
#28     _CustomZone.run (dart:async/zone.dart:1422:19)
#29     _CustomZone.runGuarded (dart:async/zone.dart:1321:7)
#30     _BufferingStreamSubscription._sendDone.sendDone (dart:async/stream_impl.dart:434:13)
#31     _BufferingStreamSubscription._sendDone (dart:async/stream_impl.dart:444:7)
#32     _BufferingStreamSubscription._close (dart:async/stream_impl.dart:333:7)
#33     _ForwardingStream._handleDone (dart:async/stream_pipe.dart:123:10)
#34     _ForwardingStreamSubscription._handleDone (dart:async/stream_pipe.dart:192:13)
#35     _rootRun (dart:async/zone.dart:1517:47)
#36     _CustomZone.run (dart:async/zone.dart:1422:19)
#37     _CustomZone.runGuarded (dart:async/zone.dart:1321:7)
#38     _BufferingStreamSubscription._sendDone.sendDone (dart:async/stream_impl.dart:434:13)
#39     _BufferingStreamSubscription._sendDone (dart:async/stream_impl.dart:444:7)
#40     _BufferingStreamSubscription._close (dart:async/stream_impl.dart:333:7)
#41     _ForwardingStream._handleDone (dart:async/stream_pipe.dart:123:10)
#42     _ForwardingStreamSubscription._handleDone (dart:async/stream_pipe.dart:192:13)
#43     _rootRun (dart:async/zone.dart:1517:47)
#44     _CustomZone.run (dart:async/zone.dart:1422:19)
#45     _CustomZone.runGuarded (dart:async/zone.dart:1321:7)
#46     _BufferingStreamSubscription._sendDone.sendDone (dart:async/stream_impl.dart:434:13)
#47     _BufferingStreamSubscription._sendDone (dart:async/stream_impl.dart:444:7)
#48     _BufferingStreamSubscription._close (dart:async/stream_impl.dart:333:7)
#49     _ForwardingStream._handleDone (dart:async/stream_pipe.dart:123:10)
#50     _ForwardingStreamSubscription._handleDone (dart:async/stream_pipe.dart:192:13)
#51     _rootRun (dart:async/zone.dart:1517:47)
#52     _CustomZone.run (dart:async/zone.dart:1422:19)
#53     _CustomZone.runGuarded (dart:async/zone.dart:1321:7)
#54     _BufferingStreamSubscription._sendDone.sendDone (dart:async/stream_impl.dart:434:13)
#55     _BufferingStreamSubscription._sendDone (dart:async/stream_impl.dart:444:7)
#56     _BufferingStreamSubscription._close (dart:async/stream_impl.dart:333:7)
#57     _ForwardingStream._handleDone (dart:async/stream_pipe.dart:123:10)
#58     _ForwardingStreamSubscription._handleDone (dart:async/stream_pipe.dart:192:13)
#59     _rootRun (dart:async/zone.dart:1517:47)
#60     _CustomZone.run (dart:async/zone.dart:1422:19)
#61     _CustomZone.runGuarded (dart:async/zone.dart:1321:7)
#62     _BufferingStreamSubscription._sendDone.sendDone (dart:async/stream_impl.dart:434:13)
#63     _BufferingStreamSubscription._sendDone (dart:async/stream_impl.dart:444:7)
#64     _DelayedDone.perform (dart:async/stream_impl.dart:592:14)
#65     _PendingEvents.handleNext (dart:async/stream_impl.dart:678:11)
#66     _PendingEvents.schedule.<anonymous closure> (dart:async/stream_impl.dart:649:7)
#67     _rootRun (dart:async/zone.dart:1517:47)
#68     _CustomZone.run (dart:async/zone.dart:1422:19)
#69     _CustomZone.runGuarded (dart:async/zone.dart:1321:7)
#70     _CustomZone.bindCallbackGuarded.<anonymous closure> (dart:async/zone.dart:1362:23)
#71     _rootRun (dart:async/zone.dart:1525:13)
#72     _CustomZone.run (dart:async/zone.dart:1422:19)
#73     _CustomZone.runGuarded (dart:async/zone.dart:1321:7)
#74     _CustomZone.bindCallbackGuarded.<anonymous closure> (dart:async/zone.dart:1362:23)
#75     _microtaskLoop (dart:async/schedule_microtask.dart:40:35)
#76     _startMicrotaskLoop (dart:async/schedule_microtask.dart:49:5)
#77     _runPendingImmediateCallback (dart:isolate-patch/isolate_patch.dart:127:13)
#78     _RawReceivePort._handleMessage (dart:isolate-patch/isolate_patch.dart:194:5)

[custom_lint] 2026-01-11T17:45:17.251921 pid=345060, thread=313152, isolate_group=main(0000020309691090), isolate=(nil)(0000000000000000)
[custom_lint] 2026-01-11T17:45:17.251921 os=windows, arch=x64, comp=no, sim=no
[custom_lint] 2026-01-11T17:45:17.251921 isolate_instructions=7ff65b478060, vm_instructions=7ff65b478080
[custom_lint] 2026-01-11T17:45:17.251921 fp=fef66fd890, sp=fef66fd848, pc=7ff65b75dc73
[custom_lint] 2026-01-11T17:45:17.251921   pc 0x00007ff65b75dc73 fp 0x000000fef66fd890 Dart_DetectNullSafety+0x2dd563
[custom_lint] 2026-01-11T17:45:17.251921 -- End of DumpStackTrace
[custom_lint] 2026-01-11T17:45:17.251921 ../../runtime/vm/zone.cc: 96: error: Out of memory.
[custom_lint] 2026-01-11T17:45:17.251921 Aborting reentrant request for stack trace.
[custom_lint] 2026-01-11T17:45:17.251921
[custom_lint] 2026-01-11T17:45:17.251921
[custom_lint] 2026-01-11T17:45:17.256956 _PrettyRequestFailure: {"code":"PLUGIN_ERROR","message":"Bad state: No response for request CustomLintRequest.analyzerPluginRequest(request: Instance of 'Request', id: 8ccfc072-da4b-40fa-aced-fe59ab089ca4)","stackTrace":"#0      SocketCustomLintServerToClientChannel.sendCustomLintRequest.<anonymous closure> (package:custom_lint/src/v2/server_to_client_channel.dart:256:21)\n#1      _runUserCode (dart:async/stream_pipe.dart:14:23)\n#2      Stream.firstWhere.<anonymous closure> (dart:async/stream.dart:1782:11)\n#3      _rootRun (dart:async/zone.dart:1517:47)\n#4      _CustomZone.run (dart:async/zone.dart:1422:19)\n#5      _CustomZone.runGuarded (dart:async/zone.dart:1321:7)\n#6      _BufferingStreamSubscription._sendDone.sendDone (dart:async/stream_impl.dart:434:13)\n#7      _BufferingStreamSubscription._sendDone (dart:async/stream_impl.dart:444:7)\n#8      _BufferingStreamSubscription._close (dart:async/stream_impl.dart:333:7)\n#9      _ForwardingStream._handleDone (dart:async/stream_pipe.dart:123:10)\n#10     _ForwardingStreamSubscription._handleDone (dart:async/stream_pipe.dart:192:13)\n#11     _rootRun (dart:async/zone.dart:1517:47)\n#12     _CustomZone.run (dart:async/zone.dart:1422:19)\n#13     _CustomZone.runGuarded (dart:async/zone.dart:1321:7)\n#14     _BufferingStreamSubscription._sendDone.sendDone (dart:async/stream_impl.dart:434:13)\n#15     _BufferingStreamSubscription._sendDone (dart:async/stream_impl.dart:444:7)\n#16     _BufferingStreamSubscription._close (dart:async/stream_impl.dart:333:7)\n#17     _ForwardingStream._handleDone (dart:async/stream_pipe.dart:123:10)\n#18     _ForwardingStreamSubscription._handleDone (dart:async/stream_pipe.dart:192:13)\n#19     _rootRun (dart:async/zone.dart:1517:47)\n#20     _CustomZone.run (dart:async/zone.dart:1422:19)\n#21     _CustomZone.runGuarded (dart:async/zone.dart:1321:7)\n#22     _BufferingStreamSubscription._sendDone.sendDone (dart:async/stream_impl.dart:434:13)\n#23     _BufferingStreamSubscription._sendDone (dart:async/stream_impl.dart:444:7)\n#24     _BufferingStreamSubscription._close (dart:async/stream_impl.dart:333:7)\n#25     _ForwardingStream._handleDone (dart:async/stream_pipe.dart:123:10)\n#26     _ForwardingStreamSubscription._handleDone (dart:async/stream_pipe.dart:192:13)\n#27     _rootRun (dart:async/zone.dart:1517:47)\n#28     _CustomZone.run (dart:async/zone.dart:1422:19)\n#29     _CustomZone.runGuarded (dart:async/zone.dart:1321:7)\n#30     _BufferingStreamSubscription._sendDone.sendDone (dart:async/stream_impl.dart:434:13)\n#31     _BufferingStreamSubscription._sendDone (dart:async/stream_impl.dart:444:7)\n#32     _BufferingStreamSubscription._close (dart:async/stream_impl.dart:333:7)\n#33     _ForwardingStream._handleDone (dart:async/stream_pipe.dart:123:10)\n#34     _ForwardingStreamSubscription._handleDone (dart:async/stream_pipe.dart:192:13)\n#35     _rootRun (dart:async/zone.dart:1517:47)\n#36     _CustomZone.run (dart:async/zone.dart:1422:19)\n#37     _CustomZone.runGuarded (dart:async/zone.dart:1321:7)\n#38     _BufferingStreamSubscription._sendDone.sendDone (dart:async/stream_impl.dart:434:13)\n#39     _BufferingStreamSubscription._sendDone (dart:async/stream_impl.dart:444:7)\n#40     _BufferingStreamSubscription._close (dart:async/stream_impl.dart:333:7)\n#41     _ForwardingStream._handleDone (dart:async/stream_pipe.dart:123:10)\n#42     _ForwardingStreamSubscription._handleDone (dart:async/stream_pipe.dart:192:13)\n#43     _rootRun (dart:async/zone.dart:1517:47)\n#44     _CustomZone.run (dart:async/zone.dart:1422:19)\n#45     _CustomZone.runGuarded (dart:async/zone.dart:1321:7)\n#46     _BufferingStreamSubscription._sendDone.sendDone (dart:async/stream_impl.dart:434:13)\n#47     _BufferingStreamSubscription._sendDone (dart:async/stream_impl.dart:444:7)\n#48     _BufferingStreamSubscription._close (dart:async/stream_impl.dart:333:7)\n#49     _ForwardingStream._handleDone (dart:async/stream_pipe.dart:123:10)\n#50     _ForwardingStreamSubscription._handleDone (dart:async/stream_pipe.dart:192:13)\n#51     _rootRun (dart:async/zone.dart:1517:47)\n#52     _CustomZone.run (dart:async/zone.dart:1422:19)\n#53     _CustomZone.runGuarded (dart:async/zone.dart:1321:7)\n#54     _BufferingStreamSubscription._sendDone.sendDone (dart:async/stream_impl.dart:434:13)\n#55     _BufferingStreamSubscription._sendDone (dart:async/stream_impl.dart:444:7)\n#56     _BufferingStreamSubscription._close (dart:async/stream_impl.dart:333:7)\n#57     _ForwardingStream._handleDone (dart:async/stream_pipe.dart:123:10)\n#58     _ForwardingStreamSubscription._handleDone (dart:async/stream_pipe.dart:192:13)\n#59     _rootRun (dart:async/zone.dart:1517:47)\n#60     _CustomZone.run (dart:async/zone.dart:1422:19)\n#61     _CustomZone.runGuarded (dart:async/zone.dart:1321:7)\n#62     _BufferingStreamSubscription._sendDone.sendDone (dart:async/stream_impl.dart:434:13)\n#63     _BufferingStreamSubscription._sendDone (dart:async/stream_impl.dart:444:7)\n#64     _DelayedDone.perform (dart:async/stream_impl.dart:592:14)\n#65     _PendingEvents.handleNext (dart:async/stream_impl.dart:678:11)\n#66     _PendingEvents.schedule.<anonymous closure> (dart:async/stream_impl.dart:649:7)\n#67     _rootRun (dart:async/zone.dart:1517:47)\n#68     _CustomZone.run (dart:async/zone.dart:1422:19)\n#69     _CustomZone.runGuarded (dart:async/zone.dart:1321:7)\n#70     _CustomZone.bindCallbackGuarded.<anonymous closure> (dart:async/zone.dart:1362:23)\n#71     _rootRun (dart:async/zone.dart:1525:13)\n#72     _CustomZone.run (dart:async/zone.dart:1422:19)\n#73     _CustomZone.runGuarded (dart:async/zone.dart:1321:7)\n#74     _CustomZone.bindCallbackGuarded.<anonymous closure> (dart:async/zone.dart:1362:23)\n#75     _microtaskLoop (dart:async/schedule_microtask.dart:40:35)\n#76     _startMicrotaskLoop (dart:async/schedule_microtask.dart:49:5)\n#77     _runPendingImmediateCallback (dart:isolate-patch/isolate_patch.dart:127:13)\n#78     _RawReceivePort._handleMessage (dart:isolate-patch/isolate_patch.dart:194:5)\n"}
[custom_lint] 2026-01-11T17:45:17.256956 #0      ChannelBase.sendRequest (package:custom_lint/src/server_isolate_channel.dart:82:7)
[custom_lint] 2026-01-11T17:45:17.256956 <asynchronous suspension>
[custom_lint] 2026-01-11T17:45:17.256956 #1      CustomLintRunner.initialize.<anonymous closure> (package:custom_lint/src/runner.dart:41:5)
[custom_lint] 2026-01-11T17:45:17.256956 <asynchronous suspension>
[custom_lint] 2026-01-11T17:45:17.256956 #2      _runServer.<anonymous closure> (package:custom_lint/custom_lint.dart:96:7)
[custom_lint] 2026-01-11T17:45:17.256956 <asynchronous suspension>
[custom_lint] 2026-01-11T17:45:17.256956 #3      _AsyncCompleter.complete (dart:async/future_impl.dart:96:3)
[custom_lint] 2026-01-11T17:45:17.256956 <asynchronous suspension>
[custom_lint] 2026-01-11T17:45:17.256956 #4      _runServer.<anonymous closure> (package:custom_lint/custom_lint.dart:126:19)
[custom_lint] 2026-01-11T17:45:17.256956 <asynchronous suspension>
[custom_lint] 2026-01-11T17:45:17.256956 #5      _runServer (package:custom_lint/custom_lint.dart:86:3)
[custom_lint] 2026-01-11T17:45:17.256956 <asynchronous suspension>
[custom_lint] 2026-01-11T17:45:17.256956 #6      customLint (package:custom_lint/custom_lint.dart:50:5)
[custom_lint] 2026-01-11T17:45:17.256956 <asynchronous suspension>
[custom_lint] 2026-01-11T17:45:17.256956 #7      entrypoint (file:///D:/tools/Pub/Cache/hosted/pub.dev/custom_lint-0.8.1/bin/custom_lint.dart:68:3)
[custom_lint] 2026-01-11T17:45:17.256956 <asynchronous suspension>
[custom_lint] 2026-01-11T17:45:17.256956 #8      main (file:///D:/tools/Pub/Cache/hosted/pub.dev/custom_lint-0.8.1/bin/custom_lint.dart:80:5)
[custom_lint] 2026-01-11T17:45:17.256956 <asynchronous suspension>
[custom_lint] 2026-01-11T17:45:17.256956
[custom_lint] 2026-01-17T20:54:15.827122 FileSystemException: writeFrom failed, path = '' (OS Error: The pipe is being closed, errno = 232)
[custom_lint] 2026-01-17T20:54:15.827122 #0      _RandomAccessFile.writeFromSync (dart:io/file_impl.dart:1027:7)
[custom_lint] 2026-01-17T20:54:15.827122 #1      _StdConsumer.addStream.<anonymous closure> (dart:io/stdio.dart:328:17)
[custom_lint] 2026-01-17T20:54:15.827122 #2      _rootRunUnary (dart:async/zone.dart:1538:47)
[custom_lint] 2026-01-17T20:54:15.827122 #3      _CustomZone.runUnary (dart:async/zone.dart:1429:19)
[custom_lint] 2026-01-17T20:54:15.827122 #4      _CustomZone.runUnaryGuarded (dart:async/zone.dart:1329:7)
[custom_lint] 2026-01-17T20:54:15.827122 #5      _BufferingStreamSubscription._sendData (dart:async/stream_impl.dart:381:11)
[custom_lint] 2026-01-17T20:54:15.827122 #6      _BufferingStreamSubscription._add (dart:async/stream_impl.dart:312:7)
[custom_lint] 2026-01-17T20:54:15.827122 #7      _SyncStreamControllerDispatch._sendData (dart:async/stream_controller.dart:798:19)
[custom_lint] 2026-01-17T20:54:15.827122 #8      _StreamController._add (dart:async/stream_controller.dart:663:7)
[custom_lint] 2026-01-17T20:54:15.827122 #9      _StreamController.add (dart:async/stream_controller.dart:618:5)
[custom_lint] 2026-01-17T20:54:15.827122 #10     _StreamSinkImpl.add (dart:io/io_sink.dart:155:17)
[custom_lint] 2026-01-17T20:54:15.827122 #11     _IOSinkImpl.write (dart:io/io_sink.dart:293:5)
[custom_lint] 2026-01-17T20:54:15.827122 #12     _StdSink.writeln (dart:io/stdio.dart:442:13)
[custom_lint] 2026-01-17T20:54:15.827122 #13     CliLogger.stdout (package:custom_lint/src/cli_logger.dart:32:15)
[custom_lint] 2026-01-17T20:54:15.827122 #14     DefaultOutputFormat.render (package:custom_lint/src/output/default_output_format.dart:20:11)
[custom_lint] 2026-01-17T20:54:15.827122 #15     renderLints (package:custom_lint/src/output/render_lints.dart:74:16)
[custom_lint] 2026-01-17T20:54:15.827122 #16     _runPlugins (package:custom_lint/custom_lint.dart:147:3)
[custom_lint] 2026-01-17T20:54:15.827122 <asynchronous suspension>
[custom_lint] 2026-01-17T20:54:15.827122 #17     _runServer.<anonymous closure> (package:custom_lint/custom_lint.dart:102:7)
[custom_lint] 2026-01-17T20:54:15.827122 <asynchronous suspension>
[custom_lint] 2026-01-17T20:54:15.827122 #18     _AsyncCompleter.complete (dart:async/future_impl.dart:96:3)
[custom_lint] 2026-01-17T20:54:15.827122 <asynchronous suspension>
[custom_lint] 2026-01-17T20:54:15.827122 #19     _runServer.<anonymous closure> (package:custom_lint/custom_lint.dart:126:19)
[custom_lint] 2026-01-17T20:54:15.827122 <asynchronous suspension>
[custom_lint] 2026-01-17T20:54:15.827122 #20     _runServer (package:custom_lint/custom_lint.dart:86:3)
[custom_lint] 2026-01-17T20:54:15.827122 <asynchronous suspension>
[custom_lint] 2026-01-17T20:54:15.827122 #21     customLint (package:custom_lint/custom_lint.dart:50:5)
[custom_lint] 2026-01-17T20:54:15.827122 <asynchronous suspension>
[custom_lint] 2026-01-17T20:54:15.827122 #22     entrypoint (file:///D:/tools/Pub/Cache/hosted/pub.dev/custom_lint-0.8.1/bin/custom_lint.dart:68:3)
[custom_lint] 2026-01-17T20:54:15.827122 <asynchronous suspension>
[custom_lint] 2026-01-17T20:54:15.827122 #23     main (file:///D:/tools/Pub/Cache/hosted/pub.dev/custom_lint-0.8.1/bin/custom_lint.dart:80:5)
[custom_lint] 2026-01-17T20:54:15.827122 <asynchronous suspension>
[custom_lint] 2026-01-17T20:54:15.827122
[custom_lint] 2026-01-19T13:09:50.489334 FileSystemException: writeFrom failed, path = '' (OS Error: The pipe is being closed, errno = 232)
[custom_lint] 2026-01-19T13:09:50.489334 #0      _RandomAccessFile.writeFromSync (dart:io/file_impl.dart:1027:7)
[custom_lint] 2026-01-19T13:09:50.489334 #1      _StdConsumer.addStream.<anonymous closure> (dart:io/stdio.dart:328:17)
[custom_lint] 2026-01-19T13:09:50.489334 #2      _rootRunUnary (dart:async/zone.dart:1538:47)
[custom_lint] 2026-01-19T13:09:50.489334 #3      _CustomZone.runUnary (dart:async/zone.dart:1429:19)
[custom_lint] 2026-01-19T13:09:50.489334 #4      _CustomZone.runUnaryGuarded (dart:async/zone.dart:1329:7)
[custom_lint] 2026-01-19T13:09:50.489334 #5      _BufferingStreamSubscription._sendData (dart:async/stream_impl.dart:381:11)
[custom_lint] 2026-01-19T13:09:50.489334 #6      _BufferingStreamSubscription._add (dart:async/stream_impl.dart:312:7)
[custom_lint] 2026-01-19T13:09:50.489334 #7      _SyncStreamControllerDispatch._sendData (dart:async/stream_controller.dart:798:19)
[custom_lint] 2026-01-19T13:09:50.489334 #8      _StreamController._add (dart:async/stream_controller.dart:663:7)
[custom_lint] 2026-01-19T13:09:50.489334 #9      _StreamController.add (dart:async/stream_controller.dart:618:5)
[custom_lint] 2026-01-19T13:09:50.489334 #10     _StreamSinkImpl.add (dart:io/io_sink.dart:155:17)
[custom_lint] 2026-01-19T13:09:50.489334 #11     _IOSinkImpl.write (dart:io/io_sink.dart:293:5)
[custom_lint] 2026-01-19T13:09:50.489334 #12     _StdSink.writeln (dart:io/stdio.dart:442:13)
[custom_lint] 2026-01-19T13:09:50.489334 #13     CliLogger.stdout (package:custom_lint/src/cli_logger.dart:32:15)
[custom_lint] 2026-01-19T13:09:50.489334 #14     DefaultOutputFormat.render (package:custom_lint/src/output/default_output_format.dart:20:11)
[custom_lint] 2026-01-19T13:09:50.489334 #15     renderLints (package:custom_lint/src/output/render_lints.dart:74:16)
[custom_lint] 2026-01-19T13:09:50.489334 #16     _runPlugins (package:custom_lint/custom_lint.dart:147:3)
[custom_lint] 2026-01-19T13:09:50.489334 <asynchronous suspension>
[custom_lint] 2026-01-19T13:09:50.489334 #17     _runServer.<anonymous closure> (package:custom_lint/custom_lint.dart:102:7)
[custom_lint] 2026-01-19T13:09:50.489334 <asynchronous suspension>
[custom_lint] 2026-01-19T13:09:50.489334 #18     _AsyncCompleter.complete (dart:async/future_impl.dart:96:3)
[custom_lint] 2026-01-19T13:09:50.489334 <asynchronous suspension>
[custom_lint] 2026-01-19T13:09:50.489334 #19     _runServer.<anonymous closure> (package:custom_lint/custom_lint.dart:126:19)
[custom_lint] 2026-01-19T13:09:50.489334 <asynchronous suspension>
[custom_lint] 2026-01-19T13:09:50.489334 #20     _runServer (package:custom_lint/custom_lint.dart:86:3)
[custom_lint] 2026-01-19T13:09:50.489334 <asynchronous suspension>
[custom_lint] 2026-01-19T13:09:50.489334 #21     customLint (package:custom_lint/custom_lint.dart:50:5)
[custom_lint] 2026-01-19T13:09:50.489334 <asynchronous suspension>
[custom_lint] 2026-01-19T13:09:50.489334 #22     entrypoint (file:///D:/tools/Pub/Cache/hosted/pub.dev/custom_lint-0.8.1/bin/custom_lint.dart:68:3)
[custom_lint] 2026-01-19T13:09:50.489334 <asynchronous suspension>
[custom_lint] 2026-01-19T13:09:50.489334 #23     main (file:///D:/tools/Pub/Cache/hosted/pub.dev/custom_lint-0.8.1/bin/custom_lint.dart:80:5)
[custom_lint] 2026-01-19T13:09:50.489334 <asynchronous suspension>
[custom_lint] 2026-01-19T13:09:50.489334
[custom_lint] 2026-01-19T18:19:21.575349 FileSystemException: writeFrom failed, path = '' (OS Error: The pipe is being closed, errno = 232)
[custom_lint] 2026-01-19T18:19:21.575349 #0      _RandomAccessFile.writeFromSync (dart:io/file_impl.dart:1027:7)
[custom_lint] 2026-01-19T18:19:21.575349 #1      _StdConsumer.addStream.<anonymous closure> (dart:io/stdio.dart:328:17)
[custom_lint] 2026-01-19T18:19:21.575349 #2      _rootRunUnary (dart:async/zone.dart:1538:47)
[custom_lint] 2026-01-19T18:19:21.575349 #3      _CustomZone.runUnary (dart:async/zone.dart:1429:19)
[custom_lint] 2026-01-19T18:19:21.575349 #4      _CustomZone.runUnaryGuarded (dart:async/zone.dart:1329:7)
[custom_lint] 2026-01-19T18:19:21.575349 #5      _BufferingStreamSubscription._sendData (dart:async/stream_impl.dart:381:11)
[custom_lint] 2026-01-19T18:19:21.575349 #6      _BufferingStreamSubscription._add (dart:async/stream_impl.dart:312:7)
[custom_lint] 2026-01-19T18:19:21.575349 #7      _SyncStreamControllerDispatch._sendData (dart:async/stream_controller.dart:798:19)
[custom_lint] 2026-01-19T18:19:21.575349 #8      _StreamController._add (dart:async/stream_controller.dart:663:7)
[custom_lint] 2026-01-19T18:19:21.575349 #9      _StreamController.add (dart:async/stream_controller.dart:618:5)
[custom_lint] 2026-01-19T18:19:21.575349 #10     _StreamSinkImpl.add (dart:io/io_sink.dart:155:17)
[custom_lint] 2026-01-19T18:19:21.575349 #11     _IOSinkImpl.write (dart:io/io_sink.dart:293:5)
[custom_lint] 2026-01-19T18:19:21.575349 #12     _StdSink.writeln (dart:io/stdio.dart:442:13)
[custom_lint] 2026-01-19T18:19:21.575349 #13     CliLogger.stdout (package:custom_lint/src/cli_logger.dart:32:15)
[custom_lint] 2026-01-19T18:19:21.575349 #14     DefaultOutputFormat.render (package:custom_lint/src/output/default_output_format.dart:20:11)
[custom_lint] 2026-01-19T18:19:21.575349 #15     renderLints (package:custom_lint/src/output/render_lints.dart:74:16)
[custom_lint] 2026-01-19T18:19:21.575349 #16     _runPlugins (package:custom_lint/custom_lint.dart:147:3)
[custom_lint] 2026-01-19T18:19:21.575349 <asynchronous suspension>
[custom_lint] 2026-01-19T18:19:21.575349 #17     _runServer.<anonymous closure> (package:custom_lint/custom_lint.dart:102:7)
[custom_lint] 2026-01-19T18:19:21.575349 <asynchronous suspension>
[custom_lint] 2026-01-19T18:19:21.575349 #18     _AsyncCompleter.complete (dart:async/future_impl.dart:96:3)
[custom_lint] 2026-01-19T18:19:21.575349 <asynchronous suspension>
[custom_lint] 2026-01-19T18:19:21.575349 #19     _runServer.<anonymous closure> (package:custom_lint/custom_lint.dart:126:19)
[custom_lint] 2026-01-19T18:19:21.575349 <asynchronous suspension>
[custom_lint] 2026-01-19T18:19:21.575349 #20     _runServer (package:custom_lint/custom_lint.dart:86:3)
[custom_lint] 2026-01-19T18:19:21.575349 <asynchronous suspension>
[custom_lint] 2026-01-19T18:19:21.575349 #21     customLint (package:custom_lint/custom_lint.dart:50:5)
[custom_lint] 2026-01-19T18:19:21.575349 <asynchronous suspension>
[custom_lint] 2026-01-19T18:19:21.575349 #22     entrypoint (file:///D:/tools/Pub/Cache/hosted/pub.dev/custom_lint-0.8.1/bin/custom_lint.dart:68:3)
[custom_lint] 2026-01-19T18:19:21.575349 <asynchronous suspension>
[custom_lint] 2026-01-19T18:19:21.575349 #23     main (file:///D:/tools/Pub/Cache/hosted/pub.dev/custom_lint-0.8.1/bin/custom_lint.dart:80:5)
[custom_lint] 2026-01-19T18:19:21.575349 <asynchronous suspension>
[custom_lint] 2026-01-19T18:19:21.575349
[custom_lint client] 2026-01-19T21:22:35.568882 [saropa_lints] Loaded 302 rules (tier: essential, enableAll: false)
[custom_lint] 2026-01-19T21:22:52.287399 FileSystemException: writeFrom failed, path = '' (OS Error: The pipe is being closed, errno = 232)
[custom_lint] 2026-01-19T21:22:52.287399 #0      _RandomAccessFile.writeFromSync (dart:io/file_impl.dart:1027:7)
[custom_lint] 2026-01-19T21:22:52.287399 #1      _StdConsumer.addStream.<anonymous closure> (dart:io/stdio.dart:328:17)
[custom_lint] 2026-01-19T21:22:52.287399 #2      _rootRunUnary (dart:async/zone.dart:1546:13)
[custom_lint] 2026-01-19T21:22:52.287399 #3      _CustomZone.runUnary (dart:async/zone.dart:1429:19)
[custom_lint] 2026-01-19T21:22:52.287399 #4      _CustomZone.runUnaryGuarded (dart:async/zone.dart:1329:7)
[custom_lint] 2026-01-19T21:22:52.287399 #5      _BufferingStreamSubscription._sendData (dart:async/stream_impl.dart:381:11)
[custom_lint] 2026-01-19T21:22:52.287399 #6      _BufferingStreamSubscription._add (dart:async/stream_impl.dart:312:7)
[custom_lint] 2026-01-19T21:22:52.287399 #7      _SyncStreamControllerDispatch._sendData (dart:async/stream_controller.dart:798:19)
[custom_lint] 2026-01-19T21:22:52.287399 #8      _StreamController._add (dart:async/stream_controller.dart:663:7)
[custom_lint] 2026-01-19T21:22:52.287399 #9      _StreamController.add (dart:async/stream_controller.dart:618:5)
[custom_lint] 2026-01-19T21:22:52.287399 #10     _StreamSinkImpl.add (dart:io/io_sink.dart:155:17)
[custom_lint] 2026-01-19T21:22:52.287399 #11     _IOSinkImpl.write (dart:io/io_sink.dart:293:5)
[custom_lint] 2026-01-19T21:22:52.287399 #12     _StdSink.writeln (dart:io/stdio.dart:442:13)
[custom_lint] 2026-01-19T21:22:52.287399 #13     CliLogger.stdout (package:custom_lint/src/cli_logger.dart:32:15)
[custom_lint] 2026-01-19T21:22:52.287399 #14     DefaultOutputFormat.render (package:custom_lint/src/output/default_output_format.dart:20:11)
[custom_lint] 2026-01-19T21:22:52.287399 #15     renderLints (package:custom_lint/src/output/render_lints.dart:74:16)
[custom_lint] 2026-01-19T21:22:52.287399 #16     _runPlugins (package:custom_lint/custom_lint.dart:147:3)
[custom_lint] 2026-01-19T21:22:52.287399 <asynchronous suspension>
[custom_lint] 2026-01-19T21:22:52.287399 #17     _runServer.<anonymous closure> (package:custom_lint/custom_lint.dart:102:7)
[custom_lint] 2026-01-19T21:22:52.287399 <asynchronous suspension>
[custom_lint] 2026-01-19T21:22:52.287399 #18     _AsyncCompleter.complete (dart:async/future_impl.dart:96:3)
[custom_lint] 2026-01-19T21:22:52.287399 <asynchronous suspension>
[custom_lint] 2026-01-19T21:22:52.287399 #19     _runServer.<anonymous closure> (package:custom_lint/custom_lint.dart:126:19)
[custom_lint] 2026-01-19T21:22:52.287399 <asynchronous suspension>
[custom_lint] 2026-01-19T21:22:52.287399 #20     _runServer (package:custom_lint/custom_lint.dart:86:3)
[custom_lint] 2026-01-19T21:22:52.287399 <asynchronous suspension>
[custom_lint] 2026-01-19T21:22:52.287399 #21     customLint (package:custom_lint/custom_lint.dart:50:5)
[custom_lint] 2026-01-19T21:22:52.287399 <asynchronous suspension>
[custom_lint] 2026-01-19T21:22:52.287399 #22     entrypoint (file:///D:/tools/Pub/Cache/hosted/pub.dev/custom_lint-0.8.1/bin/custom_lint.dart:68:3)
[custom_lint] 2026-01-19T21:22:52.287399 <asynchronous suspension>
[custom_lint] 2026-01-19T21:22:52.287399 #23     main (file:///D:/tools/Pub/Cache/hosted/pub.dev/custom_lint-0.8.1/bin/custom_lint.dart:80:5)
[custom_lint] 2026-01-19T21:22:52.287399 <asynchronous suspension>
[custom_lint] 2026-01-19T21:22:52.287399
[custom_lint client] 2026-01-19T21:37:11.631544 [saropa_lints] createPlugin() called - version 4.2.2
[custom_lint client] 2026-01-19T21:37:12.182319 [saropa_lints] Loaded 302 rules (tier: essential, enableAll: false)
[custom_lint] 2026-01-19T21:37:26.961318 FileSystemException: writeFrom failed, path = '' (OS Error: The pipe is being closed, errno = 232)
[custom_lint] 2026-01-19T21:37:26.961318 #0      _RandomAccessFile.writeFromSync (dart:io/file_impl.dart:1027:7)
[custom_lint] 2026-01-19T21:37:26.961318 #1      _StdConsumer.addStream.<anonymous closure> (dart:io/stdio.dart:328:17)
[custom_lint] 2026-01-19T21:37:26.961318 #2      _rootRunUnary (dart:async/zone.dart:1546:13)
[custom_lint] 2026-01-19T21:37:26.961318 #3      _CustomZone.runUnary (dart:async/zone.dart:1429:19)
[custom_lint] 2026-01-19T21:37:26.961318 #4      _CustomZone.runUnaryGuarded (dart:async/zone.dart:1329:7)
[custom_lint] 2026-01-19T21:37:26.961318 #5      _BufferingStreamSubscription._sendData (dart:async/stream_impl.dart:381:11)
[custom_lint] 2026-01-19T21:37:26.961318 #6      _BufferingStreamSubscription._add (dart:async/stream_impl.dart:312:7)
[custom_lint] 2026-01-19T21:37:26.961318 #7      _SyncStreamControllerDispatch._sendData (dart:async/stream_controller.dart:798:19)
[custom_lint] 2026-01-19T21:37:26.961318 #8      _StreamController._add (dart:async/stream_controller.dart:663:7)
[custom_lint] 2026-01-19T21:37:26.961318 #9      _StreamController.add (dart:async/stream_controller.dart:618:5)
[custom_lint] 2026-01-19T21:37:26.961318 #10     _StreamSinkImpl.add (dart:io/io_sink.dart:155:17)
[custom_lint] 2026-01-19T21:37:26.961318 #11     _IOSinkImpl.write (dart:io/io_sink.dart:293:5)
[custom_lint] 2026-01-19T21:37:26.961318 #12     _StdSink.writeln (dart:io/stdio.dart:442:13)
[custom_lint] 2026-01-19T21:37:26.961318 #13     CliLogger.stdout (package:custom_lint/src/cli_logger.dart:32:15)
[custom_lint] 2026-01-19T21:37:26.961318 #14     DefaultOutputFormat.render (package:custom_lint/src/output/default_output_format.dart:20:11)
[custom_lint] 2026-01-19T21:37:26.961318 #15     renderLints (package:custom_lint/src/output/render_lints.dart:74:16)
[custom_lint] 2026-01-19T21:37:26.961318 #16     _runPlugins (package:custom_lint/custom_lint.dart:147:3)
[custom_lint] 2026-01-19T21:37:26.961318 <asynchronous suspension>
[custom_lint] 2026-01-19T21:37:26.961318 #17     _runServer.<anonymous closure> (package:custom_lint/custom_lint.dart:102:7)
[custom_lint] 2026-01-19T21:37:26.961318 <asynchronous suspension>
[custom_lint] 2026-01-19T21:37:26.961318 #18     _AsyncCompleter.complete (dart:async/future_impl.dart:96:3)
[custom_lint] 2026-01-19T21:37:26.961318 <asynchronous suspension>
[custom_lint] 2026-01-19T21:37:26.961318 #19     _runServer.<anonymous closure> (package:custom_lint/custom_lint.dart:126:19)
[custom_lint] 2026-01-19T21:37:26.961318 <asynchronous suspension>
[custom_lint] 2026-01-19T21:37:26.961318 #20     _runServer (package:custom_lint/custom_lint.dart:86:3)
[custom_lint] 2026-01-19T21:37:26.961318 <asynchronous suspension>
[custom_lint] 2026-01-19T21:37:26.961318 #21     customLint (package:custom_lint/custom_lint.dart:50:5)
[custom_lint] 2026-01-19T21:37:26.961318 <asynchronous suspension>
[custom_lint] 2026-01-19T21:37:26.961318 #22     entrypoint (file:///D:/tools/Pub/Cache/hosted/pub.dev/custom_lint-0.8.1/bin/custom_lint.dart:68:3)
[custom_lint] 2026-01-19T21:37:26.961318 <asynchronous suspension>
[custom_lint] 2026-01-19T21:37:26.961318 #23     main (file:///D:/tools/Pub/Cache/hosted/pub.dev/custom_lint-0.8.1/bin/custom_lint.dart:80:5)
[custom_lint] 2026-01-19T21:37:26.961318 <asynchronous suspension>
[custom_lint] 2026-01-19T21:37:26.961318
[custom_lint DEBUG] Checking 3 dependencies for plugins
[custom_lint DEBUG] Dependencies: [custom_lint, saropa_lints]
[custom_lint DEBUG] Package custom_lint: isPlugin=false, dir=Directory: 'D:\tools\Pub\Cache\hosted\pub.dev\custom_lint-0.8.1\'
[custom_lint DEBUG] Package saropa_lints: isPlugin=true, dir=Directory: 'D:\src\saropa_lints\'
[custom_lint DEBUG] Checking 3 dependencies for plugins
[custom_lint DEBUG] Dependencies: [custom_lint, saropa_lints]
[custom_lint DEBUG] Package custom_lint: isPlugin=false, dir=Directory: 'D:\tools\Pub\Cache\hosted\pub.dev\custom_lint-0.8.1\'
[custom_lint DEBUG] Package saropa_lints: isPlugin=true, dir=Directory: 'D:\src\saropa_lints\'
[custom_lint] 2026-01-20T10:09:21.079152 /d:/src/saropa_lints/lib/saropa_lints.dart:1264:3: Error: Method not found: 'AvoidSensitiveDataInLogsRule'.
[custom_lint] 2026-01-20T10:09:21.079152   AvoidSensitiveDataInLogsRule(),
[custom_lint] 2026-01-20T10:09:21.079152   ^^^^^^^^^^^^^^^^^^^^^^^^^^^^
[custom_lint] 2026-01-20T10:09:21.079152
[custom_lint] 2026-01-20T10:09:21.079152
Failed to start pluginsThe request analysis.setContextRoots failed with the following error:
RequestErrorCode.PLUGIN_ERROR
Bad state: Failed to start the plugins.
at:
#0      SocketCustomLintServerToClientChannel._checkInitializationFail.<anonymous closure> (package:custom_lint/src/v2/server_to_client_channel.dart:223:11)
<asynchronous suspension>
#1      Future.any.onValue (dart:async/future.dart:637:5)
<asynchronous suspension>

[custom_lint] 2026-01-20T10:09:21.161295 _PrettyRequestFailure: {"code":"PLUGIN_ERROR","message":"Bad state: Failed to start the plugins.","stackTrace":"#0      SocketCustomLintServerToClientChannel._checkInitializationFail.<anonymous closure> (package:custom_lint/src/v2/server_to_client_channel.dart:223:11)\n<asynchronous suspension>\n#1      Future.any.onValue (dart:async/future.dart:637:5)\n<asynchronous suspension>\n"}
[custom_lint] 2026-01-20T10:09:21.161295 #0      ChannelBase.sendRequest (package:custom_lint/src/server_isolate_channel.dart:82:7)
[custom_lint] 2026-01-20T10:09:21.161295 <asynchronous suspension>
[custom_lint] 2026-01-20T10:09:21.161295 #1      CustomLintRunner.initialize.<anonymous closure> (package:custom_lint/src/runner.dart:41:5)
[custom_lint] 2026-01-20T10:09:21.161295 <asynchronous suspension>
[custom_lint] 2026-01-20T10:09:21.161295 #2      _runServer.<anonymous closure> (package:custom_lint/custom_lint.dart:96:7)
[custom_lint] 2026-01-20T10:09:21.161295 <asynchronous suspension>
[custom_lint] 2026-01-20T10:09:21.161295 #3      _AsyncCompleter.complete (dart:async/future_impl.dart:96:3)
[custom_lint] 2026-01-20T10:09:21.161295 <asynchronous suspension>
[custom_lint] 2026-01-20T10:09:21.161295 #4      _runServer.<anonymous closure> (package:custom_lint/custom_lint.dart:126:19)
[custom_lint] 2026-01-20T10:09:21.161295 <asynchronous suspension>
[custom_lint] 2026-01-20T10:09:21.161295 #5      _runServer (package:custom_lint/custom_lint.dart:86:3)
[custom_lint] 2026-01-20T10:09:21.161295 <asynchronous suspension>
[custom_lint] 2026-01-20T10:09:21.161295 #6      customLint (package:custom_lint/custom_lint.dart:50:5)
[custom_lint] 2026-01-20T10:09:21.161295 <asynchronous suspension>
[custom_lint] 2026-01-20T10:09:21.161295 #7      entrypoint (file:///D:/tools/Pub/Cache/hosted/pub.dev/custom_lint-0.8.1/bin/custom_lint.dart:68:3)
[custom_lint] 2026-01-20T10:09:21.161295 <asynchronous suspension>
[custom_lint] 2026-01-20T10:09:21.161295 #8      main (file:///D:/tools/Pub/Cache/hosted/pub.dev/custom_lint-0.8.1/bin/custom_lint.dart:80:5)
[custom_lint] 2026-01-20T10:09:21.161295 <asynchronous suspension>
[custom_lint] 2026-01-20T10:09:21.161295
